{"C:\\Users\\kevin\\OneDrive\\Desktop\\personal-projects\\reliant_windows\\reliant-backend\\src\\app.ts": {"path":"C:\\Users\\kevin\\OneDrive\\Desktop\\personal-projects\\reliant_windows\\reliant-backend\\src\\app.ts","statementMap":{"0":{"start":{"line":11,"column":0},"end":{"line":11,"column":16}},"1":{"start":{"line":1,"column":0},"end":{"line":1,"column":30}},"2":{"start":{"line":2,"column":0},"end":{"line":2,"column":28}},"3":{"start":{"line":3,"column":0},"end":{"line":3,"column":41}},"4":{"start":{"line":4,"column":0},"end":{"line":4,"column":38}},"5":{"start":{"line":5,"column":0},"end":{"line":5,"column":28}},"6":{"start":{"line":6,"column":0},"end":{"line":6,"column":23}},"7":{"start":{"line":8,"column":0},"end":{"line":8,"column":33}},"8":{"start":{"line":9,"column":0},"end":{"line":9,"column":61}},"9":{"start":{"line":12,"column":17},"end":{"line":12,"column":71}},"10":{"start":{"line":14,"column":14},"end":{"line":14,"column":23}},"11":{"start":{"line":17,"column":2},"end":{"line":17,"column":56}},"12":{"start":{"line":18,"column":35},"end":{"line":24,"column":4}},"13":{"start":{"line":25,"column":2},"end":{"line":25,"column":29}},"14":{"start":{"line":26,"column":2},"end":{"line":26,"column":25}},"15":{"start":{"line":29,"column":2},"end":{"line":29,"column":42}},"16":{"start":{"line":30,"column":2},"end":{"line":30,"column":50}},"17":{"start":{"line":31,"column":2},"end":{"line":31,"column":25}},"18":{"start":{"line":34,"column":2},"end":{"line":36,"column":4}},"19":{"start":{"line":35,"column":4},"end":{"line":35,"column":70}},"20":{"start":{"line":39,"column":2},"end":{"line":39,"column":29}},"21":{"start":{"line":42,"column":2},"end":{"line":42,"column":20}},"22":{"start":{"line":43,"column":2},"end":{"line":43,"column":24}},"23":{"start":{"line":45,"column":2},"end":{"line":45,"column":13}}},"fnMap":{"0":{"name":"createApp","decl":{"start":{"line":11,"column":16},"end":{"line":11,"column":25}},"loc":{"start":{"line":11,"column":25},"end":{"line":46,"column":1}}},"1":{"name":"(anonymous_2)","decl":{"start":{"line":34,"column":21},"end":{"line":34,"column":22}},"loc":{"start":{"line":35,"column":4},"end":{"line":35,"column":70}}}},"branchMap":{"0":{"loc":{"start":{"line":12,"column":17},"end":{"line":12,"column":71}},"type":"binary-expr","locations":[{"start":{"line":12,"column":17},"end":{"line":12,"column":44}},{"start":{"line":12,"column":48},"end":{"line":12,"column":71}}]},"1":{"loc":{"start":{"line":35,"column":30},"end":{"line":35,"column":67}},"type":"binary-expr","locations":[{"start":{"line":35,"column":30},"end":{"line":35,"column":50}},{"start":{"line":35,"column":54},"end":{"line":35,"column":67}}]}},"s":{"0":4,"1":4,"2":4,"3":4,"4":4,"5":4,"6":4,"7":4,"8":4,"9":4,"10":4,"11":4,"12":4,"13":4,"14":4,"15":4,"16":4,"17":4,"18":4,"19":1,"20":4,"21":4,"22":4,"23":4},"f":{"0":4,"1":1},"b":{"0":[4,0],"1":[1,0]}}
,"C:\\Users\\kevin\\OneDrive\\Desktop\\personal-projects\\reliant_windows\\reliant-backend\\src\\routes.ts": {"path":"C:\\Users\\kevin\\OneDrive\\Desktop\\personal-projects\\reliant_windows\\reliant-backend\\src\\routes.ts","statementMap":{"0":{"start":{"line":1,"column":0},"end":{"line":1,"column":81}},"1":{"start":{"line":2,"column":0},"end":{"line":2,"column":28}},"2":{"start":{"line":4,"column":0},"end":{"line":4,"column":61}},"3":{"start":{"line":5,"column":0},"end":{"line":5,"column":71}},"4":{"start":{"line":6,"column":0},"end":{"line":6,"column":57}},"5":{"start":{"line":7,"column":15},"end":{"line":7,"column":23}},"6":{"start":{"line":10,"column":0},"end":{"line":10,"column":61}},"7":{"start":{"line":10,"column":37},"end":{"line":10,"column":59}},"8":{"start":{"line":13,"column":0},"end":{"line":71,"column":2}},"9":{"start":{"line":17,"column":4},"end":{"line":69,"column":5}},"10":{"start":{"line":18,"column":66},"end":{"line":18,"column":null}},"11":{"start":{"line":23,"column":30},"end":{"line":23,"column":32}},"12":{"start":{"line":24,"column":26},"end":{"line":24,"column":28}},"13":{"start":{"line":25,"column":14},"end":{"line":25,"column":15}},"14":{"start":{"line":27,"column":6},"end":{"line":33,"column":7}},"15":{"start":{"line":28,"column":8},"end":{"line":30,"column":10}},"16":{"start":{"line":31,"column":8},"end":{"line":31,"column":35}},"17":{"start":{"line":32,"column":8},"end":{"line":32,"column":12}},"18":{"start":{"line":35,"column":6},"end":{"line":40,"column":86}},"19":{"start":{"line":35,"column":27},"end":{"line":35,"column":75}},"20":{"start":{"line":36,"column":11},"end":{"line":40,"column":86}},"21":{"start":{"line":36,"column":32},"end":{"line":36,"column":80}},"22":{"start":{"line":37,"column":11},"end":{"line":40,"column":86}},"23":{"start":{"line":38,"column":8},"end":{"line":38,"column":94}},"24":{"start":{"line":39,"column":11},"end":{"line":40,"column":86}},"25":{"start":{"line":40,"column":8},"end":{"line":40,"column":86}},"26":{"start":{"line":42,"column":6},"end":{"line":46,"column":7}},"27":{"start":{"line":43,"column":8},"end":{"line":43,"column":50}},"28":{"start":{"line":44,"column":8},"end":{"line":44,"column":34}},"29":{"start":{"line":45,"column":8},"end":{"line":45,"column":12}},"30":{"start":{"line":48,"column":24},"end":{"line":48,"column":48}},"31":{"start":{"line":49,"column":6},"end":{"line":53,"column":7}},"32":{"start":{"line":50,"column":8},"end":{"line":50,"column":44}},"33":{"start":{"line":51,"column":8},"end":{"line":51,"column":29}},"34":{"start":{"line":52,"column":8},"end":{"line":52,"column":12}},"35":{"start":{"line":55,"column":18},"end":{"line":55,"column":65}},"36":{"start":{"line":57,"column":18},"end":{"line":63,"column":8}},"37":{"start":{"line":65,"column":23},"end":{"line":65,"column":50}},"38":{"start":{"line":66,"column":6},"end":{"line":66,"column":25}},"39":{"start":{"line":68,"column":6},"end":{"line":68,"column":16}},"40":{"start":{"line":74,"column":0},"end":{"line":120,"column":2}},"41":{"start":{"line":77,"column":4},"end":{"line":118,"column":5}},"42":{"start":{"line":79,"column":8},"end":{"line":79,"column":55}},"43":{"start":{"line":81,"column":30},"end":{"line":81,"column":32}},"44":{"start":{"line":82,"column":26},"end":{"line":82,"column":28}},"45":{"start":{"line":83,"column":14},"end":{"line":83,"column":15}},"46":{"start":{"line":85,"column":6},"end":{"line":88,"column":7}},"47":{"start":{"line":86,"column":8},"end":{"line":86,"column":39}},"48":{"start":{"line":87,"column":8},"end":{"line":87,"column":37}},"49":{"start":{"line":89,"column":6},"end":{"line":92,"column":7}},"50":{"start":{"line":90,"column":8},"end":{"line":90,"column":41}},"51":{"start":{"line":91,"column":8},"end":{"line":91,"column":28}},"52":{"start":{"line":93,"column":6},"end":{"line":96,"column":7}},"53":{"start":{"line":94,"column":8},"end":{"line":94,"column":41}},"54":{"start":{"line":95,"column":8},"end":{"line":95,"column":28}},"55":{"start":{"line":97,"column":6},"end":{"line":101,"column":7}},"56":{"start":{"line":98,"column":8},"end":{"line":98,"column":90}},"57":{"start":{"line":99,"column":8},"end":{"line":99,"column":40}},"58":{"start":{"line":100,"column":8},"end":{"line":100,"column":12}},"59":{"start":{"line":103,"column":18},"end":{"line":103,"column":66}},"60":{"start":{"line":105,"column":18},"end":{"line":111,"column":8}},"61":{"start":{"line":112,"column":23},"end":{"line":112,"column":50}},"62":{"start":{"line":115,"column":6},"end":{"line":115,"column":21}},"63":{"start":{"line":117,"column":6},"end":{"line":117,"column":16}},"64":{"start":{"line":124,"column":0},"end":{"line":165,"column":2}},"65":{"start":{"line":128,"column":4},"end":{"line":163,"column":5}},"66":{"start":{"line":129,"column":52},"end":{"line":129,"column":null}},"67":{"start":{"line":133,"column":30},"end":{"line":133,"column":32}},"68":{"start":{"line":134,"column":26},"end":{"line":134,"column":28}},"69":{"start":{"line":135,"column":14},"end":{"line":135,"column":15}},"70":{"start":{"line":137,"column":6},"end":{"line":141,"column":7}},"71":{"start":{"line":138,"column":8},"end":{"line":138,"column":37}},"72":{"start":{"line":139,"column":8},"end":{"line":139,"column":26}},"73":{"start":{"line":140,"column":8},"end":{"line":140,"column":12}},"74":{"start":{"line":142,"column":6},"end":{"line":146,"column":7}},"75":{"start":{"line":143,"column":8},"end":{"line":143,"column":42}},"76":{"start":{"line":144,"column":8},"end":{"line":144,"column":31}},"77":{"start":{"line":145,"column":8},"end":{"line":145,"column":12}},"78":{"start":{"line":148,"column":18},"end":{"line":148,"column":65}},"79":{"start":{"line":150,"column":18},"end":{"line":157,"column":8}},"80":{"start":{"line":159,"column":23},"end":{"line":159,"column":50}},"81":{"start":{"line":160,"column":6},"end":{"line":160,"column":25}},"82":{"start":{"line":162,"column":6},"end":{"line":162,"column":16}},"83":{"start":{"line":167,"column":0},"end":{"line":167,"column":42}},"84":{"start":{"line":170,"column":0},"end":{"line":206,"column":2}},"85":{"start":{"line":173,"column":4},"end":{"line":204,"column":5}},"86":{"start":{"line":174,"column":48},"end":{"line":174,"column":95}},"87":{"start":{"line":176,"column":30},"end":{"line":176,"column":32}},"88":{"start":{"line":177,"column":26},"end":{"line":177,"column":28}},"89":{"start":{"line":178,"column":14},"end":{"line":178,"column":15}},"90":{"start":{"line":180,"column":6},"end":{"line":183,"column":7}},"91":{"start":{"line":181,"column":8},"end":{"line":181,"column":39}},"92":{"start":{"line":182,"column":8},"end":{"line":182,"column":37}},"93":{"start":{"line":185,"column":6},"end":{"line":189,"column":7}},"94":{"start":{"line":186,"column":8},"end":{"line":186,"column":68}},"95":{"start":{"line":187,"column":8},"end":{"line":187,"column":40}},"96":{"start":{"line":188,"column":8},"end":{"line":188,"column":12}},"97":{"start":{"line":191,"column":18},"end":{"line":191,"column":66}},"98":{"start":{"line":193,"column":18},"end":{"line":199,"column":8}},"99":{"start":{"line":200,"column":23},"end":{"line":200,"column":50}},"100":{"start":{"line":201,"column":6},"end":{"line":201,"column":21}},"101":{"start":{"line":203,"column":6},"end":{"line":203,"column":16}},"102":{"start":{"line":210,"column":0},"end":{"line":210,"column":41}},"103":{"start":{"line":211,"column":0},"end":{"line":211,"column":56}},"104":{"start":{"line":212,"column":0},"end":{"line":212,"column":44}},"105":{"start":{"line":214,"column":0},"end":{"line":214,"column":53}},"106":{"start":{"line":216,"column":0},"end":{"line":216,"column":66}},"107":{"start":{"line":217,"column":0},"end":{"line":241,"column":2}},"108":{"start":{"line":218,"column":2},"end":{"line":239,"column":5}},"109":{"start":{"line":219,"column":46},"end":{"line":219,"column":60}},"110":{"start":{"line":225,"column":4},"end":{"line":227,"column":5}},"111":{"start":{"line":226,"column":6},"end":{"line":226,"column":88}},"112":{"start":{"line":231,"column":6},"end":{"line":232,"column":61}},"113":{"start":{"line":235,"column":21},"end":{"line":235,"column":54}},"114":{"start":{"line":236,"column":6},"end":{"line":236,"column":45}},"115":{"start":{"line":238,"column":6},"end":{"line":238,"column":16}},"116":{"start":{"line":243,"column":0},"end":{"line":243,"column":22}}},"fnMap":{"0":{"name":"(anonymous_10)","decl":{"start":{"line":10,"column":22},"end":{"line":10,"column":23}},"loc":{"start":{"line":10,"column":37},"end":{"line":10,"column":59}}},"1":{"name":"(anonymous_11)","decl":{"start":{"line":16,"column":2},"end":{"line":16,"column":7}},"loc":{"start":{"line":16,"column":60},"end":{"line":70,"column":3}}},"2":{"name":"(anonymous_12)","decl":{"start":{"line":76,"column":2},"end":{"line":76,"column":7}},"loc":{"start":{"line":76,"column":27},"end":{"line":119,"column":3}}},"3":{"name":"(anonymous_13)","decl":{"start":{"line":127,"column":2},"end":{"line":127,"column":7}},"loc":{"start":{"line":127,"column":60},"end":{"line":164,"column":3}}},"4":{"name":"(anonymous_14)","decl":{"start":{"line":172,"column":2},"end":{"line":172,"column":7}},"loc":{"start":{"line":172,"column":27},"end":{"line":205,"column":3}}},"5":{"name":"(anonymous_15)","decl":{"start":{"line":217,"column":35},"end":{"line":217,"column":40}},"loc":{"start":{"line":217,"column":93},"end":{"line":240,"column":3}}}},"branchMap":{"0":{"loc":{"start":{"line":18,"column":49},"end":{"line":18,"column":61}},"type":"default-arg","locations":[{"start":{"line":18,"column":57},"end":{"line":18,"column":61}}]},"1":{"loc":{"start":{"line":27,"column":6},"end":{"line":33,"column":7}},"type":"if","locations":[{"start":{"line":27,"column":6},"end":{"line":33,"column":7}}]},"2":{"loc":{"start":{"line":27,"column":10},"end":{"line":27,"column":23}},"type":"binary-expr","locations":[{"start":{"line":27,"column":10},"end":{"line":27,"column":11}},{"start":{"line":27,"column":15},"end":{"line":27,"column":23}}]},"3":{"loc":{"start":{"line":35,"column":6},"end":{"line":40,"column":86}},"type":"if","locations":[{"start":{"line":35,"column":6},"end":{"line":40,"column":86}},{"start":{"line":36,"column":11},"end":{"line":40,"column":86}}]},"4":{"loc":{"start":{"line":36,"column":11},"end":{"line":40,"column":86}},"type":"if","locations":[{"start":{"line":36,"column":11},"end":{"line":40,"column":86}},{"start":{"line":37,"column":11},"end":{"line":40,"column":86}}]},"5":{"loc":{"start":{"line":37,"column":11},"end":{"line":40,"column":86}},"type":"if","locations":[{"start":{"line":37,"column":11},"end":{"line":40,"column":86}},{"start":{"line":39,"column":11},"end":{"line":40,"column":86}}]},"6":{"loc":{"start":{"line":39,"column":11},"end":{"line":40,"column":86}},"type":"if","locations":[{"start":{"line":39,"column":11},"end":{"line":40,"column":86}}]},"7":{"loc":{"start":{"line":42,"column":6},"end":{"line":46,"column":7}},"type":"if","locations":[{"start":{"line":42,"column":6},"end":{"line":46,"column":7}}]},"8":{"loc":{"start":{"line":42,"column":10},"end":{"line":42,"column":35}},"type":"binary-expr","locations":[{"start":{"line":42,"column":10},"end":{"line":42,"column":17}},{"start":{"line":42,"column":21},"end":{"line":42,"column":35}}]},"9":{"loc":{"start":{"line":49,"column":6},"end":{"line":53,"column":7}},"type":"if","locations":[{"start":{"line":49,"column":6},"end":{"line":53,"column":7}}]},"10":{"loc":{"start":{"line":49,"column":10},"end":{"line":49,"column":70}},"type":"binary-expr","locations":[{"start":{"line":49,"column":10},"end":{"line":49,"column":34}},{"start":{"line":49,"column":38},"end":{"line":49,"column":52}},{"start":{"line":49,"column":56},"end":{"line":49,"column":70}}]},"11":{"loc":{"start":{"line":55,"column":44},"end":{"line":55,"column":63}},"type":"binary-expr","locations":[{"start":{"line":55,"column":44},"end":{"line":55,"column":57}},{"start":{"line":55,"column":61},"end":{"line":55,"column":63}}]},"12":{"loc":{"start":{"line":60,"column":10},"end":{"line":60,"column":60}},"type":"cond-expr","locations":[{"start":{"line":60,"column":25},"end":{"line":60,"column":55}},{"start":{"line":60,"column":58},"end":{"line":60,"column":60}}]},"13":{"loc":{"start":{"line":78,"column":50},"end":{"line":78,"column":63}},"type":"default-arg","locations":[{"start":{"line":78,"column":58},"end":{"line":78,"column":63}}]},"14":{"loc":{"start":{"line":85,"column":6},"end":{"line":88,"column":7}},"type":"if","locations":[{"start":{"line":85,"column":6},"end":{"line":88,"column":7}}]},"15":{"loc":{"start":{"line":89,"column":6},"end":{"line":92,"column":7}},"type":"if","locations":[{"start":{"line":89,"column":6},"end":{"line":92,"column":7}}]},"16":{"loc":{"start":{"line":93,"column":6},"end":{"line":96,"column":7}},"type":"if","locations":[{"start":{"line":93,"column":6},"end":{"line":96,"column":7}}]},"17":{"loc":{"start":{"line":97,"column":6},"end":{"line":101,"column":7}},"type":"if","locations":[{"start":{"line":97,"column":6},"end":{"line":101,"column":7}}]},"18":{"loc":{"start":{"line":97,"column":10},"end":{"line":97,"column":33}},"type":"binary-expr","locations":[{"start":{"line":97,"column":10},"end":{"line":97,"column":16}},{"start":{"line":97,"column":20},"end":{"line":97,"column":33}}]},"19":{"loc":{"start":{"line":103,"column":44},"end":{"line":103,"column":64}},"type":"binary-expr","locations":[{"start":{"line":103,"column":44},"end":{"line":103,"column":57}},{"start":{"line":103,"column":61},"end":{"line":103,"column":64}}]},"20":{"loc":{"start":{"line":108,"column":10},"end":{"line":108,"column":60}},"type":"cond-expr","locations":[{"start":{"line":108,"column":25},"end":{"line":108,"column":55}},{"start":{"line":108,"column":58},"end":{"line":108,"column":60}}]},"21":{"loc":{"start":{"line":129,"column":35},"end":{"line":129,"column":47}},"type":"default-arg","locations":[{"start":{"line":129,"column":43},"end":{"line":129,"column":47}}]},"22":{"loc":{"start":{"line":137,"column":6},"end":{"line":141,"column":7}},"type":"if","locations":[{"start":{"line":137,"column":6},"end":{"line":141,"column":7}}]},"23":{"loc":{"start":{"line":142,"column":6},"end":{"line":146,"column":7}},"type":"if","locations":[{"start":{"line":142,"column":6},"end":{"line":146,"column":7}}]},"24":{"loc":{"start":{"line":148,"column":44},"end":{"line":148,"column":63}},"type":"binary-expr","locations":[{"start":{"line":148,"column":44},"end":{"line":148,"column":57}},{"start":{"line":148,"column":61},"end":{"line":148,"column":63}}]},"25":{"loc":{"start":{"line":154,"column":10},"end":{"line":154,"column":60}},"type":"cond-expr","locations":[{"start":{"line":154,"column":25},"end":{"line":154,"column":55}},{"start":{"line":154,"column":58},"end":{"line":154,"column":60}}]},"26":{"loc":{"start":{"line":174,"column":30},"end":{"line":174,"column":43}},"type":"default-arg","locations":[{"start":{"line":174,"column":38},"end":{"line":174,"column":43}}]},"27":{"loc":{"start":{"line":180,"column":6},"end":{"line":183,"column":7}},"type":"if","locations":[{"start":{"line":180,"column":6},"end":{"line":183,"column":7}}]},"28":{"loc":{"start":{"line":180,"column":10},"end":{"line":180,"column":49}},"type":"binary-expr","locations":[{"start":{"line":180,"column":10},"end":{"line":180,"column":27}},{"start":{"line":180,"column":31},"end":{"line":180,"column":49}}]},"29":{"loc":{"start":{"line":185,"column":6},"end":{"line":189,"column":7}},"type":"if","locations":[{"start":{"line":185,"column":6},"end":{"line":189,"column":7}}]},"30":{"loc":{"start":{"line":185,"column":10},"end":{"line":185,"column":33}},"type":"binary-expr","locations":[{"start":{"line":185,"column":10},"end":{"line":185,"column":16}},{"start":{"line":185,"column":20},"end":{"line":185,"column":33}}]},"31":{"loc":{"start":{"line":191,"column":44},"end":{"line":191,"column":64}},"type":"binary-expr","locations":[{"start":{"line":191,"column":44},"end":{"line":191,"column":57}},{"start":{"line":191,"column":61},"end":{"line":191,"column":64}}]},"32":{"loc":{"start":{"line":196,"column":10},"end":{"line":196,"column":60}},"type":"cond-expr","locations":[{"start":{"line":196,"column":25},"end":{"line":196,"column":55}},{"start":{"line":196,"column":58},"end":{"line":196,"column":60}}]},"33":{"loc":{"start":{"line":219,"column":46},"end":{"line":219,"column":60}},"type":"binary-expr","locations":[{"start":{"line":219,"column":46},"end":{"line":219,"column":54}},{"start":{"line":219,"column":58},"end":{"line":219,"column":60}}]},"34":{"loc":{"start":{"line":225,"column":4},"end":{"line":227,"column":5}},"type":"if","locations":[{"start":{"line":225,"column":4},"end":{"line":227,"column":5}}]},"35":{"loc":{"start":{"line":225,"column":8},"end":{"line":225,"column":48}},"type":"binary-expr","locations":[{"start":{"line":225,"column":8},"end":{"line":225,"column":32}},{"start":{"line":225,"column":36},"end":{"line":225,"column":48}}]},"36":{"loc":{"start":{"line":231,"column":6},"end":{"line":232,"column":61}},"type":"binary-expr","locations":[{"start":{"line":231,"column":6},"end":{"line":231,"column":22}},{"start":{"line":232,"column":7},"end":{"line":232,"column":60}}]},"37":{"loc":{"start":{"line":232,"column":7},"end":{"line":232,"column":60}},"type":"cond-expr","locations":[{"start":{"line":232,"column":30},"end":{"line":232,"column":55}},{"start":{"line":232,"column":58},"end":{"line":232,"column":60}}]}},"s":{"0":4,"1":4,"2":4,"3":4,"4":4,"5":4,"6":4,"7":0,"8":4,"9":3,"10":3,"11":3,"12":3,"13":3,"14":3,"15":0,"16":0,"17":0,"18":3,"19":0,"20":3,"21":0,"22":3,"23":0,"24":3,"25":0,"26":3,"27":0,"28":0,"29":0,"30":3,"31":3,"32":0,"33":0,"34":0,"35":3,"36":3,"37":3,"38":0,"39":3,"40":4,"41":0,"42":0,"43":0,"44":0,"45":0,"46":0,"47":0,"48":0,"49":0,"50":0,"51":0,"52":0,"53":0,"54":0,"55":0,"56":0,"57":0,"58":0,"59":0,"60":0,"61":0,"62":0,"63":0,"64":4,"65":0,"66":0,"67":0,"68":0,"69":0,"70":0,"71":0,"72":0,"73":0,"74":0,"75":0,"76":0,"77":0,"78":0,"79":0,"80":0,"81":0,"82":0,"83":4,"84":4,"85":0,"86":0,"87":0,"88":0,"89":0,"90":0,"91":0,"92":0,"93":0,"94":0,"95":0,"96":0,"97":0,"98":0,"99":0,"100":0,"101":0,"102":4,"103":4,"104":4,"105":4,"106":4,"107":4,"108":0,"109":0,"110":0,"111":0,"112":0,"113":0,"114":0,"115":0,"116":4},"f":{"0":0,"1":3,"2":0,"3":0,"4":0,"5":0},"b":{"0":[2],"1":[0],"2":[3,0],"3":[0,3],"4":[0,3],"5":[0,3],"6":[0],"7":[0],"8":[3,0],"9":[0],"10":[3,0,0],"11":[3,0],"12":[0,3],"13":[0],"14":[0],"15":[0],"16":[0],"17":[0],"18":[0,0],"19":[0,0],"20":[0,0],"21":[0],"22":[0],"23":[0],"24":[0,0],"25":[0,0],"26":[0],"27":[0],"28":[0,0],"29":[0],"30":[0,0],"31":[0,0],"32":[0,0],"33":[0,0],"34":[0],"35":[0,0],"36":[0,0],"37":[0,0]}}
,"C:\\Users\\kevin\\OneDrive\\Desktop\\personal-projects\\reliant_windows\\reliant-backend\\src\\middlewares\\error.ts": {"path":"C:\\Users\\kevin\\OneDrive\\Desktop\\personal-projects\\reliant_windows\\reliant-backend\\src\\middlewares\\error.ts","statementMap":{"0":{"start":{"line":3,"column":0},"end":{"line":3,"column":16}},"1":{"start":{"line":7,"column":0},"end":{"line":7,"column":16}},"2":{"start":{"line":4,"column":2},"end":{"line":4,"column":47}},"3":{"start":{"line":9,"column":2},"end":{"line":9,"column":66}},"4":{"start":{"line":10,"column":17},"end":{"line":10,"column":67}},"5":{"start":{"line":11,"column":18},"end":{"line":11,"column":57}},"6":{"start":{"line":12,"column":2},"end":{"line":12,"column":46}}},"fnMap":{"0":{"name":"notFound","decl":{"start":{"line":3,"column":16},"end":{"line":3,"column":24}},"loc":{"start":{"line":3,"column":53},"end":{"line":5,"column":1}}},"1":{"name":"errorHandler","decl":{"start":{"line":7,"column":16},"end":{"line":7,"column":28}},"loc":{"start":{"line":7,"column":88},"end":{"line":13,"column":1}}}},"branchMap":{"0":{"loc":{"start":{"line":9,"column":31},"end":{"line":9,"column":64}},"type":"binary-expr","locations":[{"start":{"line":9,"column":31},"end":{"line":9,"column":41}},{"start":{"line":9,"column":45},"end":{"line":9,"column":57}},{"start":{"line":9,"column":61},"end":{"line":9,"column":64}}]},"1":{"loc":{"start":{"line":10,"column":17},"end":{"line":10,"column":67}},"type":"cond-expr","locations":[{"start":{"line":10,"column":51},"end":{"line":10,"column":61}},{"start":{"line":10,"column":64},"end":{"line":10,"column":67}}]},"2":{"loc":{"start":{"line":11,"column":18},"end":{"line":11,"column":57}},"type":"binary-expr","locations":[{"start":{"line":11,"column":18},"end":{"line":11,"column":30}},{"start":{"line":11,"column":34},"end":{"line":11,"column":57}}]}},"s":{"0":4,"1":4,"2":3,"3":3,"4":3,"5":3,"6":3},"f":{"0":3,"1":3},"b":{"0":[3,0,0],"1":[0,3],"2":[3,0]}}
,"C:\\Users\\kevin\\OneDrive\\Desktop\\personal-projects\\reliant_windows\\reliant-backend\\src\\modules\\quotes\\pricing.model.ts": {"path":"C:\\Users\\kevin\\OneDrive\\Desktop\\personal-projects\\reliant_windows\\reliant-backend\\src\\modules\\quotes\\pricing.model.ts","statementMap":{"0":{"start":{"line":151,"column":0},"end":{"line":151,"column":7}},"1":{"start":{"line":2,"column":0},"end":{"line":2,"column":63}},"2":{"start":{"line":82,"column":13},"end":{"line":103,"column":2}},"3":{"start":{"line":110,"column":25},"end":{"line":110,"column":73}},"4":{"start":{"line":114,"column":2},"end":{"line":114,"column":21}},"5":{"start":{"line":114,"column":11},"end":{"line":114,"column":21}},"6":{"start":{"line":115,"column":12},"end":{"line":115,"column":35}},"7":{"start":{"line":116,"column":13},"end":{"line":116,"column":30}},"8":{"start":{"line":117,"column":2},"end":{"line":117,"column":29}},"9":{"start":{"line":122,"column":2},"end":{"line":122,"column":68}},"10":{"start":{"line":122,"column":33},"end":{"line":122,"column":63}},"11":{"start":{"line":127,"column":2},"end":{"line":127,"column":40}},"12":{"start":{"line":132,"column":2},"end":{"line":132,"column":42}},"13":{"start":{"line":132,"column":21},"end":{"line":132,"column":42}},"14":{"start":{"line":133,"column":2},"end":{"line":133,"column":47}},"15":{"start":{"line":133,"column":27},"end":{"line":133,"column":47}},"16":{"start":{"line":134,"column":2},"end":{"line":134,"column":23}},"17":{"start":{"line":140,"column":2},"end":{"line":140,"column":22}},"18":{"start":{"line":140,"column":13},"end":{"line":140,"column":22}},"19":{"start":{"line":141,"column":17},"end":{"line":141,"column":45}},"20":{"start":{"line":142,"column":2},"end":{"line":142,"column":54}},"21":{"start":{"line":152,"column":16},"end":{"line":152,"column":33}},"22":{"start":{"line":155,"column":15},"end":{"line":155,"column":34}},"23":{"start":{"line":156,"column":16},"end":{"line":156,"column":32}},"24":{"start":{"line":158,"column":19},"end":{"line":158,"column":43}},"25":{"start":{"line":159,"column":17},"end":{"line":159,"column":43}},"26":{"start":{"line":160,"column":20},"end":{"line":160,"column":33}},"27":{"start":{"line":162,"column":24},"end":{"line":162,"column":62}},"28":{"start":{"line":164,"column":24},"end":{"line":164,"column":82}},"29":{"start":{"line":165,"column":25},"end":{"line":165,"column":95}},"30":{"start":{"line":168,"column":17},"end":{"line":168,"column":95}},"31":{"start":{"line":169,"column":22},"end":{"line":169,"column":49}},"32":{"start":{"line":171,"column":27},"end":{"line":171,"column":47}},"33":{"start":{"line":174,"column":19},"end":{"line":184,"column":4}},"34":{"start":{"line":188,"column":16},"end":{"line":188,"column":47}},"35":{"start":{"line":191,"column":2},"end":{"line":195,"column":3}},"36":{"start":{"line":192,"column":21},"end":{"line":192,"column":91}},"37":{"start":{"line":193,"column":26},"end":{"line":193,"column":72}},"38":{"start":{"line":194,"column":4},"end":{"line":194,"column":100}},"39":{"start":{"line":198,"column":17},"end":{"line":198,"column":50}},"40":{"start":{"line":199,"column":33},"end":{"line":199,"column":72}},"41":{"start":{"line":201,"column":2},"end":{"line":213,"column":4}}},"fnMap":{"0":{"name":"r2","decl":{"start":{"line":110,"column":9},"end":{"line":110,"column":11}},"loc":{"start":{"line":110,"column":21},"end":{"line":110,"column":75}}},"1":{"name":"toArea","decl":{"start":{"line":113,"column":9},"end":{"line":113,"column":15}},"loc":{"start":{"line":113,"column":34},"end":{"line":118,"column":1}}},"2":{"name":"qtyFromItems","decl":{"start":{"line":121,"column":9},"end":{"line":121,"column":21}},"loc":{"start":{"line":121,"column":45},"end":{"line":123,"column":1}}},"3":{"name":"(anonymous_3)","decl":{"start":{"line":122,"column":22},"end":{"line":122,"column":23}},"loc":{"start":{"line":122,"column":33},"end":{"line":122,"column":63}}},"4":{"name":"lineCount","decl":{"start":{"line":126,"column":9},"end":{"line":126,"column":18}},"loc":{"start":{"line":126,"column":42},"end":{"line":128,"column":1}}},"5":{"name":"timeframeMult","decl":{"start":{"line":131,"column":9},"end":{"line":131,"column":22}},"loc":{"start":{"line":131,"column":54},"end":{"line":135,"column":1}}},"6":{"name":"roughAreaDistance","decl":{"start":{"line":138,"column":9},"end":{"line":138,"column":26}},"loc":{"start":{"line":138,"column":39},"end":{"line":143,"column":1}}},"7":{"name":"aiSuggestCosts","decl":{"start":{"line":151,"column":22},"end":{"line":151,"column":36}},"loc":{"start":{"line":151,"column":58},"end":{"line":214,"column":1}}}},"branchMap":{"0":{"loc":{"start":{"line":110,"column":44},"end":{"line":110,"column":58}},"type":"binary-expr","locations":[{"start":{"line":110,"column":44},"end":{"line":110,"column":53}},{"start":{"line":110,"column":57},"end":{"line":110,"column":58}}]},"1":{"loc":{"start":{"line":114,"column":2},"end":{"line":114,"column":21}},"type":"if","locations":[{"start":{"line":114,"column":2},"end":{"line":114,"column":21}}]},"2":{"loc":{"start":{"line":117,"column":9},"end":{"line":117,"column":28}},"type":"binary-expr","locations":[{"start":{"line":117,"column":9},"end":{"line":117,"column":11}},{"start":{"line":117,"column":15},"end":{"line":117,"column":28}}]},"3":{"loc":{"start":{"line":122,"column":38},"end":{"line":122,"column":62}},"type":"binary-expr","locations":[{"start":{"line":122,"column":38},"end":{"line":122,"column":57}},{"start":{"line":122,"column":61},"end":{"line":122,"column":62}}]},"4":{"loc":{"start":{"line":127,"column":21},"end":{"line":127,"column":38}},"type":"binary-expr","locations":[{"start":{"line":127,"column":21},"end":{"line":127,"column":33}},{"start":{"line":127,"column":37},"end":{"line":127,"column":38}}]},"5":{"loc":{"start":{"line":132,"column":2},"end":{"line":132,"column":42}},"type":"if","locations":[{"start":{"line":132,"column":2},"end":{"line":132,"column":42}}]},"6":{"loc":{"start":{"line":133,"column":2},"end":{"line":133,"column":47}},"type":"if","locations":[{"start":{"line":133,"column":2},"end":{"line":133,"column":47}}]},"7":{"loc":{"start":{"line":140,"column":2},"end":{"line":140,"column":22}},"type":"if","locations":[{"start":{"line":140,"column":2},"end":{"line":140,"column":22}}]},"8":{"loc":{"start":{"line":142,"column":33},"end":{"line":142,"column":51}},"type":"binary-expr","locations":[{"start":{"line":142,"column":33},"end":{"line":142,"column":46}},{"start":{"line":142,"column":50},"end":{"line":142,"column":51}}]},"9":{"loc":{"start":{"line":152,"column":16},"end":{"line":152,"column":33}},"type":"binary-expr","locations":[{"start":{"line":152,"column":16},"end":{"line":152,"column":27}},{"start":{"line":152,"column":31},"end":{"line":152,"column":33}}]},"10":{"loc":{"start":{"line":179,"column":34},"end":{"line":179,"column":63}},"type":"binary-expr","locations":[{"start":{"line":179,"column":34},"end":{"line":179,"column":57}},{"start":{"line":179,"column":61},"end":{"line":179,"column":63}}]},"11":{"loc":{"start":{"line":180,"column":13},"end":{"line":180,"column":62}},"type":"binary-expr","locations":[{"start":{"line":180,"column":13},"end":{"line":180,"column":17}},{"start":{"line":180,"column":21},"end":{"line":180,"column":62}}]},"12":{"loc":{"start":{"line":182,"column":34},"end":{"line":182,"column":67}},"type":"binary-expr","locations":[{"start":{"line":182,"column":34},"end":{"line":182,"column":62}},{"start":{"line":182,"column":66},"end":{"line":182,"column":67}}]},"13":{"loc":{"start":{"line":183,"column":37},"end":{"line":183,"column":73}},"type":"binary-expr","locations":[{"start":{"line":183,"column":37},"end":{"line":183,"column":68}},{"start":{"line":183,"column":72},"end":{"line":183,"column":73}}]},"14":{"loc":{"start":{"line":191,"column":2},"end":{"line":195,"column":3}},"type":"if","locations":[{"start":{"line":191,"column":2},"end":{"line":195,"column":3}}]},"15":{"loc":{"start":{"line":193,"column":26},"end":{"line":193,"column":72}},"type":"cond-expr","locations":[{"start":{"line":193,"column":67},"end":{"line":193,"column":68}},{"start":{"line":193,"column":71},"end":{"line":193,"column":72}}]},"16":{"loc":{"start":{"line":199,"column":33},"end":{"line":199,"column":72}},"type":"cond-expr","locations":[{"start":{"line":199,"column":48},"end":{"line":199,"column":50}},{"start":{"line":199,"column":53},"end":{"line":199,"column":72}}]},"17":{"loc":{"start":{"line":199,"column":53},"end":{"line":199,"column":72}},"type":"cond-expr","locations":[{"start":{"line":199,"column":67},"end":{"line":199,"column":68}},{"start":{"line":199,"column":71},"end":{"line":199,"column":72}}]},"18":{"loc":{"start":{"line":212,"column":39},"end":{"line":212,"column":111}},"type":"cond-expr","locations":[{"start":{"line":212,"column":67},"end":{"line":212,"column":106}},{"start":{"line":212,"column":109},"end":{"line":212,"column":111}}]}},"s":{"0":4,"1":4,"2":4,"3":0,"4":0,"5":0,"6":0,"7":0,"8":0,"9":0,"10":0,"11":0,"12":0,"13":0,"14":0,"15":0,"16":0,"17":0,"18":0,"19":0,"20":0,"21":0,"22":0,"23":0,"24":0,"25":0,"26":0,"27":0,"28":0,"29":0,"30":0,"31":0,"32":0,"33":0,"34":0,"35":0,"36":0,"37":0,"38":0,"39":0,"40":0,"41":0},"f":{"0":0,"1":0,"2":0,"3":0,"4":0,"5":0,"6":0,"7":0},"b":{"0":[0,0],"1":[0],"2":[0,0],"3":[0,0],"4":[0,0],"5":[0],"6":[0],"7":[0],"8":[0,0],"9":[0,0],"10":[0,0],"11":[0,0],"12":[0,0],"13":[0,0],"14":[0],"15":[0,0],"16":[0,0],"17":[0,0],"18":[0,0]}}
,"C:\\Users\\kevin\\OneDrive\\Desktop\\personal-projects\\reliant_windows\\reliant-backend\\src\\modules\\quotes\\pricing.service.ts": {"path":"C:\\Users\\kevin\\OneDrive\\Desktop\\personal-projects\\reliant_windows\\reliant-backend\\src\\modules\\quotes\\pricing.service.ts","statementMap":{"0":{"start":{"line":95,"column":0},"end":{"line":95,"column":7}},"1":{"start":{"line":164,"column":0},"end":{"line":164,"column":7}},"2":{"start":{"line":1,"column":0},"end":{"line":1,"column":32}},"3":{"start":{"line":7,"column":0},"end":{"line":7,"column":74}},"4":{"start":{"line":17,"column":2},"end":{"line":17,"column":35}},"5":{"start":{"line":25,"column":17},"end":{"line":25,"column":83}},"6":{"start":{"line":25,"column":52},"end":{"line":25,"column":79}},"7":{"start":{"line":28,"column":14},"end":{"line":28,"column":25}},"8":{"start":{"line":29,"column":23},"end":{"line":29,"column":74}},"9":{"start":{"line":30,"column":14},"end":{"line":30,"column":53}},"10":{"start":{"line":33,"column":15},"end":{"line":33,"column":33}},"11":{"start":{"line":37,"column":4},"end":{"line":37,"column":81}},"12":{"start":{"line":38,"column":19},"end":{"line":38,"column":46}},"13":{"start":{"line":41,"column":20},"end":{"line":41,"column":54}},"14":{"start":{"line":44,"column":17},"end":{"line":44,"column":19}},"15":{"start":{"line":46,"column":2},"end":{"line":46,"column":65}},"16":{"start":{"line":55,"column":21},"end":{"line":55,"column":41}},"17":{"start":{"line":58,"column":19},"end":{"line":70,"column":4}},"18":{"start":{"line":72,"column":15},"end":{"line":72,"column":49}},"19":{"start":{"line":73,"column":2},"end":{"line":73,"column":48}},"20":{"start":{"line":81,"column":14},"end":{"line":81,"column":80}},"21":{"start":{"line":81,"column":49},"end":{"line":81,"column":76}},"22":{"start":{"line":82,"column":19},"end":{"line":82,"column":41}},"23":{"start":{"line":83,"column":22},"end":{"line":83,"column":75}},"24":{"start":{"line":84,"column":15},"end":{"line":84,"column":92}},"25":{"start":{"line":86,"column":2},"end":{"line":86,"column":59}},"26":{"start":{"line":98,"column":58},"end":{"line":98,"column":78}},"27":{"start":{"line":101,"column":17},"end":{"line":101,"column":47}},"28":{"start":{"line":102,"column":2},"end":{"line":104,"column":3}},"29":{"start":{"line":103,"column":4},"end":{"line":103,"column":42}},"30":{"start":{"line":107,"column":23},"end":{"line":107,"column":58}},"31":{"start":{"line":109,"column":2},"end":{"line":124,"column":4}},"32":{"start":{"line":166,"column":18},"end":{"line":166,"column":55}},"33":{"start":{"line":167,"column":21},"end":{"line":167,"column":56}},"34":{"start":{"line":168,"column":26},"end":{"line":168,"column":66}},"35":{"start":{"line":170,"column":22},"end":{"line":170,"column":23}},"36":{"start":{"line":171,"column":20},"end":{"line":171,"column":21}},"37":{"start":{"line":172,"column":20},"end":{"line":172,"column":21}},"38":{"start":{"line":173,"column":23},"end":{"line":173,"column":24}},"39":{"start":{"line":175,"column":26},"end":{"line":175,"column":28}},"40":{"start":{"line":177,"column":2},"end":{"line":252,"column":3}},"41":{"start":{"line":178,"column":23},"end":{"line":178,"column":24}},"42":{"start":{"line":181,"column":4},"end":{"line":195,"column":5}},"43":{"start":{"line":182,"column":23},"end":{"line":191,"column":25}},"44":{"start":{"line":193,"column":25},"end":{"line":193,"column":59}},"45":{"start":{"line":194,"column":6},"end":{"line":194,"column":46}},"46":{"start":{"line":198,"column":21},"end":{"line":198,"column":22}},"47":{"start":{"line":200,"column":4},"end":{"line":236,"column":5}},"48":{"start":{"line":201,"column":17},"end":{"line":212,"column":25}},"49":{"start":{"line":214,"column":6},"end":{"line":218,"column":7}},"50":{"start":{"line":215,"column":22},"end":{"line":215,"column":73}},"51":{"start":{"line":216,"column":22},"end":{"line":216,"column":50}},"52":{"start":{"line":217,"column":8},"end":{"line":217,"column":56}},"53":{"start":{"line":220,"column":11},"end":{"line":236,"column":5}},"54":{"start":{"line":222,"column":16},"end":{"line":224,"column":null}},"55":{"start":{"line":226,"column":6},"end":{"line":235,"column":7}},"56":{"start":{"line":227,"column":19},"end":{"line":227,"column":52}},"57":{"start":{"line":228,"column":21},"end":{"line":228,"column":53}},"58":{"start":{"line":229,"column":8},"end":{"line":234,"column":9}},"59":{"start":{"line":230,"column":10},"end":{"line":230,"column":64}},"60":{"start":{"line":233,"column":10},"end":{"line":233,"column":30}},"61":{"start":{"line":238,"column":26},"end":{"line":238,"column":79}},"62":{"start":{"line":240,"column":4},"end":{"line":248,"column":7}},"63":{"start":{"line":250,"column":4},"end":{"line":250,"column":34}},"64":{"start":{"line":251,"column":4},"end":{"line":251,"column":30}},"65":{"start":{"line":255,"column":2},"end":{"line":265,"column":3}},"66":{"start":{"line":256,"column":14},"end":{"line":258,"column":null}},"67":{"start":{"line":260,"column":4},"end":{"line":264,"column":5}},"68":{"start":{"line":261,"column":20},"end":{"line":261,"column":52}},"69":{"start":{"line":262,"column":20},"end":{"line":262,"column":53}},"70":{"start":{"line":263,"column":6},"end":{"line":263,"column":70}},"71":{"start":{"line":268,"column":24},"end":{"line":268,"column":79}},"72":{"start":{"line":269,"column":24},"end":{"line":269,"column":25}},"73":{"start":{"line":270,"column":20},"end":{"line":270,"column":21}},"74":{"start":{"line":272,"column":20},"end":{"line":272,"column":110}},"75":{"start":{"line":273,"column":21},"end":{"line":273,"column":51}},"76":{"start":{"line":274,"column":22},"end":{"line":274,"column":44}},"77":{"start":{"line":276,"column":2},"end":{"line":291,"column":4}},"78":{"start":{"line":295,"column":28},"end":{"line":295,"column":80}},"79":{"start":{"line":302,"column":19},"end":{"line":303,"column":null}},"80":{"start":{"line":305,"column":2},"end":{"line":305,"column":66}},"81":{"start":{"line":305,"column":20},"end":{"line":305,"column":66}},"82":{"start":{"line":306,"column":2},"end":{"line":306,"column":106}},"83":{"start":{"line":315,"column":19},"end":{"line":316,"column":null}},"84":{"start":{"line":318,"column":2},"end":{"line":318,"column":56}}},"fnMap":{"0":{"name":"round2","decl":{"start":{"line":16,"column":9},"end":{"line":16,"column":15}},"loc":{"start":{"line":16,"column":25},"end":{"line":18,"column":1}}},"1":{"name":"roughRuleTotals","decl":{"start":{"line":24,"column":9},"end":{"line":24,"column":24}},"loc":{"start":{"line":24,"column":52},"end":{"line":47,"column":1}}},"2":{"name":"(anonymous_2)","decl":{"start":{"line":25,"column":42},"end":{"line":25,"column":43}},"loc":{"start":{"line":25,"column":52},"end":{"line":25,"column":79}}},"3":{"name":"predictBaseCostONNX","decl":{"start":{"line":54,"column":15},"end":{"line":54,"column":34}},"loc":{"start":{"line":54,"column":62},"end":{"line":74,"column":1}}},"4":{"name":"fallbackBaseHeuristic","decl":{"start":{"line":80,"column":9},"end":{"line":80,"column":30}},"loc":{"start":{"line":80,"column":58},"end":{"line":87,"column":1}}},"5":{"name":"(anonymous_5)","decl":{"start":{"line":81,"column":39},"end":{"line":81,"column":40}},"loc":{"start":{"line":81,"column":49},"end":{"line":81,"column":76}}},"6":{"name":"predictQuoteCosts","decl":{"start":{"line":95,"column":22},"end":{"line":95,"column":39}},"loc":{"start":{"line":96,"column":29},"end":{"line":125,"column":1}}},"7":{"name":"priceQuote","decl":{"start":{"line":164,"column":22},"end":{"line":164,"column":32}},"loc":{"start":{"line":164,"column":50},"end":{"line":292,"column":1}}},"8":{"name":"round","decl":{"start":{"line":295,"column":9},"end":{"line":295,"column":14}},"loc":{"start":{"line":295,"column":24},"end":{"line":295,"column":82}}},"9":{"name":"getUrgencyMult","decl":{"start":{"line":301,"column":15},"end":{"line":301,"column":29}},"loc":{"start":{"line":301,"column":67},"end":{"line":307,"column":1}}},"10":{"name":"getLatestPercent","decl":{"start":{"line":314,"column":15},"end":{"line":314,"column":31}},"loc":{"start":{"line":314,"column":67},"end":{"line":319,"column":1}}}},"branchMap":{"0":{"loc":{"start":{"line":25,"column":18},"end":{"line":25,"column":33}},"type":"binary-expr","locations":[{"start":{"line":25,"column":18},"end":{"line":25,"column":27}},{"start":{"line":25,"column":31},"end":{"line":25,"column":33}}]},"1":{"loc":{"start":{"line":25,"column":63},"end":{"line":25,"column":78}},"type":"binary-expr","locations":[{"start":{"line":25,"column":63},"end":{"line":25,"column":73}},{"start":{"line":25,"column":77},"end":{"line":25,"column":78}}]},"2":{"loc":{"start":{"line":29,"column":23},"end":{"line":29,"column":74}},"type":"cond-expr","locations":[{"start":{"line":29,"column":67},"end":{"line":29,"column":69}},{"start":{"line":29,"column":72},"end":{"line":29,"column":74}}]},"3":{"loc":{"start":{"line":30,"column":15},"end":{"line":30,"column":37}},"type":"binary-expr","locations":[{"start":{"line":30,"column":15},"end":{"line":30,"column":32}},{"start":{"line":30,"column":36},"end":{"line":30,"column":37}}]},"4":{"loc":{"start":{"line":37,"column":4},"end":{"line":37,"column":81}},"type":"cond-expr","locations":[{"start":{"line":37,"column":31},"end":{"line":37,"column":35}},{"start":{"line":37,"column":38},"end":{"line":37,"column":81}}]},"5":{"loc":{"start":{"line":37,"column":38},"end":{"line":37,"column":81}},"type":"cond-expr","locations":[{"start":{"line":37,"column":71},"end":{"line":37,"column":74}},{"start":{"line":37,"column":77},"end":{"line":37,"column":81}}]},"6":{"loc":{"start":{"line":41,"column":20},"end":{"line":41,"column":54}},"type":"cond-expr","locations":[{"start":{"line":41,"column":48},"end":{"line":41,"column":50}},{"start":{"line":41,"column":53},"end":{"line":41,"column":54}}]},"7":{"loc":{"start":{"line":60,"column":15},"end":{"line":60,"column":37}},"type":"binary-expr","locations":[{"start":{"line":60,"column":15},"end":{"line":60,"column":32}},{"start":{"line":60,"column":36},"end":{"line":60,"column":37}}]},"8":{"loc":{"start":{"line":61,"column":16},"end":{"line":61,"column":65}},"type":"cond-expr","locations":[{"start":{"line":61,"column":60},"end":{"line":61,"column":61}},{"start":{"line":61,"column":64},"end":{"line":61,"column":65}}]},"9":{"loc":{"start":{"line":62,"column":20},"end":{"line":62,"column":52}},"type":"cond-expr","locations":[{"start":{"line":62,"column":47},"end":{"line":62,"column":48}},{"start":{"line":62,"column":51},"end":{"line":62,"column":52}}]},"10":{"loc":{"start":{"line":63,"column":19},"end":{"line":63,"column":57}},"type":"cond-expr","locations":[{"start":{"line":63,"column":52},"end":{"line":63,"column":53}},{"start":{"line":63,"column":56},"end":{"line":63,"column":57}}]},"11":{"loc":{"start":{"line":64,"column":20},"end":{"line":64,"column":59}},"type":"cond-expr","locations":[{"start":{"line":64,"column":54},"end":{"line":64,"column":55}},{"start":{"line":64,"column":58},"end":{"line":64,"column":59}}]},"12":{"loc":{"start":{"line":65,"column":16},"end":{"line":65,"column":49}},"type":"cond-expr","locations":[{"start":{"line":65,"column":44},"end":{"line":65,"column":45}},{"start":{"line":65,"column":48},"end":{"line":65,"column":49}}]},"13":{"loc":{"start":{"line":66,"column":16},"end":{"line":66,"column":49}},"type":"cond-expr","locations":[{"start":{"line":66,"column":44},"end":{"line":66,"column":45}},{"start":{"line":66,"column":48},"end":{"line":66,"column":49}}]},"14":{"loc":{"start":{"line":67,"column":16},"end":{"line":67,"column":49}},"type":"cond-expr","locations":[{"start":{"line":67,"column":44},"end":{"line":67,"column":45}},{"start":{"line":67,"column":48},"end":{"line":67,"column":49}}]},"15":{"loc":{"start":{"line":68,"column":16},"end":{"line":68,"column":49}},"type":"cond-expr","locations":[{"start":{"line":68,"column":44},"end":{"line":68,"column":45}},{"start":{"line":68,"column":48},"end":{"line":68,"column":49}}]},"16":{"loc":{"start":{"line":69,"column":16},"end":{"line":69,"column":49}},"type":"cond-expr","locations":[{"start":{"line":69,"column":44},"end":{"line":69,"column":45}},{"start":{"line":69,"column":48},"end":{"line":69,"column":49}}]},"17":{"loc":{"start":{"line":73,"column":9},"end":{"line":73,"column":47}},"type":"cond-expr","locations":[{"start":{"line":73,"column":36},"end":{"line":73,"column":40}},{"start":{"line":73,"column":43},"end":{"line":73,"column":47}}]},"18":{"loc":{"start":{"line":81,"column":15},"end":{"line":81,"column":30}},"type":"binary-expr","locations":[{"start":{"line":81,"column":15},"end":{"line":81,"column":24}},{"start":{"line":81,"column":28},"end":{"line":81,"column":30}}]},"19":{"loc":{"start":{"line":81,"column":60},"end":{"line":81,"column":75}},"type":"binary-expr","locations":[{"start":{"line":81,"column":60},"end":{"line":81,"column":70}},{"start":{"line":81,"column":74},"end":{"line":81,"column":75}}]},"20":{"loc":{"start":{"line":82,"column":19},"end":{"line":82,"column":41}},"type":"binary-expr","locations":[{"start":{"line":82,"column":19},"end":{"line":82,"column":36}},{"start":{"line":82,"column":40},"end":{"line":82,"column":41}}]},"21":{"loc":{"start":{"line":83,"column":22},"end":{"line":83,"column":75}},"type":"cond-expr","locations":[{"start":{"line":83,"column":66},"end":{"line":83,"column":69}},{"start":{"line":83,"column":72},"end":{"line":83,"column":75}}]},"22":{"loc":{"start":{"line":84,"column":15},"end":{"line":84,"column":92}},"type":"cond-expr","locations":[{"start":{"line":84,"column":42},"end":{"line":84,"column":45}},{"start":{"line":84,"column":48},"end":{"line":84,"column":92}}]},"23":{"loc":{"start":{"line":84,"column":48},"end":{"line":84,"column":92}},"type":"cond-expr","locations":[{"start":{"line":84,"column":82},"end":{"line":84,"column":86}},{"start":{"line":84,"column":89},"end":{"line":84,"column":92}}]},"24":{"loc":{"start":{"line":102,"column":2},"end":{"line":104,"column":3}},"type":"if","locations":[{"start":{"line":102,"column":2},"end":{"line":104,"column":3}}]},"25":{"loc":{"start":{"line":121,"column":6},"end":{"line":123,"column":61}},"type":"cond-expr","locations":[{"start":{"line":122,"column":10},"end":{"line":122,"column":66}},{"start":{"line":123,"column":10},"end":{"line":123,"column":61}}]},"26":{"loc":{"start":{"line":181,"column":4},"end":{"line":195,"column":5}},"type":"if","locations":[{"start":{"line":181,"column":4},"end":{"line":195,"column":5}}]},"27":{"loc":{"start":{"line":193,"column":32},"end":{"line":193,"column":58}},"type":"binary-expr","locations":[{"start":{"line":193,"column":32},"end":{"line":193,"column":53}},{"start":{"line":193,"column":57},"end":{"line":193,"column":58}}]},"28":{"loc":{"start":{"line":200,"column":4},"end":{"line":236,"column":5}},"type":"if","locations":[{"start":{"line":200,"column":4},"end":{"line":236,"column":5}},{"start":{"line":220,"column":11},"end":{"line":236,"column":5}}]},"29":{"loc":{"start":{"line":214,"column":6},"end":{"line":218,"column":7}},"type":"if","locations":[{"start":{"line":214,"column":6},"end":{"line":218,"column":7}}]},"30":{"loc":{"start":{"line":215,"column":29},"end":{"line":215,"column":58}},"type":"binary-expr","locations":[{"start":{"line":215,"column":29},"end":{"line":215,"column":53}},{"start":{"line":215,"column":57},"end":{"line":215,"column":58}}]},"31":{"loc":{"start":{"line":216,"column":29},"end":{"line":216,"column":49}},"type":"binary-expr","locations":[{"start":{"line":216,"column":29},"end":{"line":216,"column":44}},{"start":{"line":216,"column":48},"end":{"line":216,"column":49}}]},"32":{"loc":{"start":{"line":220,"column":11},"end":{"line":236,"column":5}},"type":"if","locations":[{"start":{"line":220,"column":11},"end":{"line":236,"column":5}}]},"33":{"loc":{"start":{"line":226,"column":6},"end":{"line":235,"column":7}},"type":"if","locations":[{"start":{"line":226,"column":6},"end":{"line":235,"column":7}}]},"34":{"loc":{"start":{"line":228,"column":28},"end":{"line":228,"column":52}},"type":"binary-expr","locations":[{"start":{"line":228,"column":28},"end":{"line":228,"column":47}},{"start":{"line":228,"column":51},"end":{"line":228,"column":52}}]},"35":{"loc":{"start":{"line":229,"column":8},"end":{"line":234,"column":9}},"type":"if","locations":[{"start":{"line":229,"column":8},"end":{"line":234,"column":9}},{"start":{"line":231,"column":15},"end":{"line":234,"column":9}}]},"36":{"loc":{"start":{"line":255,"column":2},"end":{"line":265,"column":3}},"type":"if","locations":[{"start":{"line":255,"column":2},"end":{"line":265,"column":3}}]},"37":{"loc":{"start":{"line":260,"column":4},"end":{"line":264,"column":5}},"type":"if","locations":[{"start":{"line":260,"column":4},"end":{"line":264,"column":5}}]},"38":{"loc":{"start":{"line":261,"column":27},"end":{"line":261,"column":51}},"type":"binary-expr","locations":[{"start":{"line":261,"column":27},"end":{"line":261,"column":46}},{"start":{"line":261,"column":50},"end":{"line":261,"column":51}}]},"39":{"loc":{"start":{"line":262,"column":27},"end":{"line":262,"column":52}},"type":"binary-expr","locations":[{"start":{"line":262,"column":27},"end":{"line":262,"column":47}},{"start":{"line":262,"column":51},"end":{"line":262,"column":52}}]},"40":{"loc":{"start":{"line":263,"column":46},"end":{"line":263,"column":68}},"type":"binary-expr","locations":[{"start":{"line":263,"column":46},"end":{"line":263,"column":63}},{"start":{"line":263,"column":67},"end":{"line":263,"column":68}}]},"41":{"loc":{"start":{"line":305,"column":2},"end":{"line":305,"column":66}},"type":"if","locations":[{"start":{"line":305,"column":2},"end":{"line":305,"column":66}}]},"42":{"loc":{"start":{"line":306,"column":31},"end":{"line":306,"column":55}},"type":"binary-expr","locations":[{"start":{"line":306,"column":31},"end":{"line":306,"column":50}},{"start":{"line":306,"column":54},"end":{"line":306,"column":55}}]},"43":{"loc":{"start":{"line":306,"column":78},"end":{"line":306,"column":102}},"type":"binary-expr","locations":[{"start":{"line":306,"column":78},"end":{"line":306,"column":97}},{"start":{"line":306,"column":101},"end":{"line":306,"column":102}}]},"44":{"loc":{"start":{"line":318,"column":9},"end":{"line":318,"column":55}},"type":"cond-expr","locations":[{"start":{"line":318,"column":23},"end":{"line":318,"column":51}},{"start":{"line":318,"column":54},"end":{"line":318,"column":55}}]},"45":{"loc":{"start":{"line":318,"column":30},"end":{"line":318,"column":50}},"type":"binary-expr","locations":[{"start":{"line":318,"column":30},"end":{"line":318,"column":45}},{"start":{"line":318,"column":49},"end":{"line":318,"column":50}}]}},"s":{"0":4,"1":4,"2":4,"3":4,"4":8,"5":2,"6":2,"7":2,"8":2,"9":2,"10":2,"11":2,"12":2,"13":2,"14":2,"15":2,"16":1,"17":1,"18":1,"19":1,"20":1,"21":1,"22":1,"23":1,"24":1,"25":1,"26":1,"27":1,"28":1,"29":1,"30":1,"31":1,"32":0,"33":0,"34":0,"35":0,"36":0,"37":0,"38":0,"39":0,"40":0,"41":0,"42":0,"43":0,"44":0,"45":0,"46":0,"47":0,"48":0,"49":0,"50":0,"51":0,"52":0,"53":0,"54":0,"55":0,"56":0,"57":0,"58":0,"59":0,"60":0,"61":0,"62":0,"63":0,"64":0,"65":0,"66":0,"67":0,"68":0,"69":0,"70":0,"71":0,"72":0,"73":0,"74":0,"75":0,"76":0,"77":0,"78":0,"79":0,"80":0,"81":0,"82":0,"83":0,"84":0},"f":{"0":8,"1":2,"2":2,"3":1,"4":1,"5":1,"6":1,"7":0,"8":0,"9":0,"10":0},"b":{"0":[2,0],"1":[2,0],"2":[2,0],"3":[2,0],"4":[0,2],"5":[2,0],"6":[0,2],"7":[1,0],"8":[1,0],"9":[0,1],"10":[1,0],"11":[0,1],"12":[1,0],"13":[0,1],"14":[0,1],"15":[0,1],"16":[0,1],"17":[0,1],"18":[1,0],"19":[1,0],"20":[1,0],"21":[1,0],"22":[0,1],"23":[0,1],"24":[1],"25":[1,0],"26":[0],"27":[0,0],"28":[0,0],"29":[0],"30":[0,0],"31":[0,0],"32":[0],"33":[0],"34":[0,0],"35":[0,0],"36":[0],"37":[0],"38":[0,0],"39":[0,0],"40":[0,0],"41":[0],"42":[0,0],"43":[0,0],"44":[0,0],"45":[0,0]}}
,"C:\\Users\\kevin\\OneDrive\\Desktop\\personal-projects\\reliant_windows\\reliant-backend\\src\\modules\\quotes\\quotes.controller.ts": {"path":"C:\\Users\\kevin\\OneDrive\\Desktop\\personal-projects\\reliant_windows\\reliant-backend\\src\\modules\\quotes\\quotes.controller.ts","statementMap":{"0":{"start":{"line":11,"column":0},"end":{"line":11,"column":7}},"1":{"start":{"line":76,"column":0},"end":{"line":76,"column":7}},"2":{"start":{"line":100,"column":0},"end":{"line":100,"column":7}},"3":{"start":{"line":122,"column":0},"end":{"line":122,"column":7}},"4":{"start":{"line":152,"column":0},"end":{"line":152,"column":7}},"5":{"start":{"line":183,"column":0},"end":{"line":183,"column":7}},"6":{"start":{"line":203,"column":0},"end":{"line":203,"column":7}},"7":{"start":{"line":3,"column":0},"end":{"line":3,"column":40}},"8":{"start":{"line":4,"column":0},"end":{"line":4,"column":52}},"9":{"start":{"line":12,"column":2},"end":{"line":52,"column":3}},"10":{"start":{"line":13,"column":84},"end":{"line":13,"column":98}},"11":{"start":{"line":16,"column":4},"end":{"line":22,"column":5}},"12":{"start":{"line":17,"column":6},"end":{"line":21,"column":9}},"13":{"start":{"line":25,"column":19},"end":{"line":32,"column":6}},"14":{"start":{"line":35,"column":4},"end":{"line":47,"column":7}},"15":{"start":{"line":50,"column":4},"end":{"line":50,"column":46}},"16":{"start":{"line":51,"column":4},"end":{"line":51,"column":82}},"17":{"start":{"line":57,"column":2},"end":{"line":57,"column":78}},"18":{"start":{"line":60,"column":16},"end":{"line":67,"column":11}},"19":{"start":{"line":77,"column":50},"end":{"line":77,"column":59}},"20":{"start":{"line":78,"column":2},"end":{"line":93,"column":3}},"21":{"start":{"line":79,"column":17},"end":{"line":88,"column":6}},"22":{"start":{"line":90,"column":4},"end":{"line":90,"column":30}},"23":{"start":{"line":92,"column":4},"end":{"line":92,"column":82}},"24":{"start":{"line":101,"column":17},"end":{"line":101,"column":27}},"25":{"start":{"line":102,"column":2},"end":{"line":104,"column":3}},"26":{"start":{"line":103,"column":4},"end":{"line":103,"column":63}},"27":{"start":{"line":106,"column":2},"end":{"line":114,"column":3}},"28":{"start":{"line":107,"column":18},"end":{"line":107,"column":39}},"29":{"start":{"line":108,"column":4},"end":{"line":110,"column":5}},"30":{"start":{"line":109,"column":6},"end":{"line":109,"column":64}},"31":{"start":{"line":111,"column":4},"end":{"line":111,"column":27}},"32":{"start":{"line":113,"column":4},"end":{"line":113,"column":82}},"33":{"start":{"line":123,"column":17},"end":{"line":123,"column":27}},"34":{"start":{"line":124,"column":2},"end":{"line":126,"column":3}},"35":{"start":{"line":125,"column":4},"end":{"line":125,"column":63}},"36":{"start":{"line":128,"column":24},"end":{"line":128,"column":81}},"37":{"start":{"line":129,"column":37},"end":{"line":129,"column":39}},"38":{"start":{"line":130,"column":2},"end":{"line":132,"column":3}},"39":{"start":{"line":131,"column":4},"end":{"line":131,"column":55}},"40":{"start":{"line":131,"column":23},"end":{"line":131,"column":55}},"41":{"start":{"line":135,"column":2},"end":{"line":137,"column":3}},"42":{"start":{"line":136,"column":4},"end":{"line":136,"column":79}},"43":{"start":{"line":139,"column":2},"end":{"line":144,"column":3}},"44":{"start":{"line":140,"column":20},"end":{"line":140,"column":47}},"45":{"start":{"line":141,"column":4},"end":{"line":141,"column":29}},"46":{"start":{"line":143,"column":4},"end":{"line":143,"column":83}},"47":{"start":{"line":153,"column":17},"end":{"line":153,"column":27}},"48":{"start":{"line":154,"column":2},"end":{"line":156,"column":3}},"49":{"start":{"line":155,"column":4},"end":{"line":155,"column":63}},"50":{"start":{"line":158,"column":20},"end":{"line":158,"column":34}},"51":{"start":{"line":160,"column":2},"end":{"line":162,"column":3}},"52":{"start":{"line":161,"column":4},"end":{"line":161,"column":83}},"53":{"start":{"line":165,"column":2},"end":{"line":165,"column":49}},"54":{"start":{"line":165,"column":29},"end":{"line":165,"column":49}},"55":{"start":{"line":167,"column":2},"end":{"line":169,"column":3}},"56":{"start":{"line":168,"column":4},"end":{"line":168,"column":79}},"57":{"start":{"line":171,"column":2},"end":{"line":176,"column":3}},"58":{"start":{"line":172,"column":20},"end":{"line":172,"column":54}},"59":{"start":{"line":173,"column":4},"end":{"line":173,"column":29}},"60":{"start":{"line":175,"column":4},"end":{"line":175,"column":84}},"61":{"start":{"line":184,"column":17},"end":{"line":184,"column":27}},"62":{"start":{"line":185,"column":2},"end":{"line":187,"column":3}},"63":{"start":{"line":186,"column":4},"end":{"line":186,"column":63}},"64":{"start":{"line":189,"column":2},"end":{"line":195,"column":3}},"65":{"start":{"line":190,"column":4},"end":{"line":190,"column":25}},"66":{"start":{"line":191,"column":4},"end":{"line":191,"column":34}},"67":{"start":{"line":194,"column":4},"end":{"line":194,"column":83}},"68":{"start":{"line":204,"column":2},"end":{"line":238,"column":3}},"69":{"start":{"line":205,"column":14},"end":{"line":205,"column":28}},"70":{"start":{"line":206,"column":20},"end":{"line":206,"column":85}},"71":{"start":{"line":206,"column":79},"end":{"line":206,"column":84}},"72":{"start":{"line":207,"column":4},"end":{"line":209,"column":5}},"73":{"start":{"line":208,"column":6},"end":{"line":208,"column":81}},"74":{"start":{"line":212,"column":15},"end":{"line":230,"column":6}},"75":{"start":{"line":233,"column":17},"end":{"line":233,"column":38}},"76":{"start":{"line":234,"column":4},"end":{"line":234,"column":48}},"77":{"start":{"line":236,"column":4},"end":{"line":236,"column":46}},"78":{"start":{"line":237,"column":4},"end":{"line":237,"column":82}}},"fnMap":{"0":{"name":"aiSuggestPrice","decl":{"start":{"line":11,"column":22},"end":{"line":11,"column":36}},"loc":{"start":{"line":11,"column":64},"end":{"line":53,"column":1}}},"1":{"name":"list","decl":{"start":{"line":76,"column":22},"end":{"line":76,"column":26}},"loc":{"start":{"line":76,"column":54},"end":{"line":94,"column":1}}},"2":{"name":"getById","decl":{"start":{"line":100,"column":22},"end":{"line":100,"column":29}},"loc":{"start":{"line":100,"column":57},"end":{"line":115,"column":1}}},"3":{"name":"update","decl":{"start":{"line":122,"column":22},"end":{"line":122,"column":28}},"loc":{"start":{"line":122,"column":56},"end":{"line":145,"column":1}}},"4":{"name":"updateStatus","decl":{"start":{"line":152,"column":22},"end":{"line":152,"column":34}},"loc":{"start":{"line":152,"column":62},"end":{"line":177,"column":1}}},"5":{"name":"remove","decl":{"start":{"line":183,"column":22},"end":{"line":183,"column":28}},"loc":{"start":{"line":183,"column":56},"end":{"line":196,"column":1}}},"6":{"name":"createQuote","decl":{"start":{"line":203,"column":22},"end":{"line":203,"column":33}},"loc":{"start":{"line":203,"column":61},"end":{"line":239,"column":1}}},"7":{"name":"(anonymous_16)","decl":{"start":{"line":206,"column":72},"end":{"line":206,"column":73}},"loc":{"start":{"line":206,"column":79},"end":{"line":206,"column":84}}}},"branchMap":{"0":{"loc":{"start":{"line":13,"column":84},"end":{"line":13,"column":98}},"type":"binary-expr","locations":[{"start":{"line":13,"column":84},"end":{"line":13,"column":92}},{"start":{"line":13,"column":96},"end":{"line":13,"column":98}}]},"1":{"loc":{"start":{"line":16,"column":4},"end":{"line":22,"column":5}},"type":"if","locations":[{"start":{"line":16,"column":4},"end":{"line":22,"column":5}}]},"2":{"loc":{"start":{"line":16,"column":8},"end":{"line":16,"column":47}},"type":"binary-expr","locations":[{"start":{"line":16,"column":8},"end":{"line":16,"column":21}},{"start":{"line":16,"column":25},"end":{"line":16,"column":35}},{"start":{"line":16,"column":39},"end":{"line":16,"column":47}}]},"3":{"loc":{"start":{"line":20,"column":31},"end":{"line":20,"column":70}},"type":"cond-expr","locations":[{"start":{"line":20,"column":54},"end":{"line":20,"column":66}},{"start":{"line":20,"column":69},"end":{"line":20,"column":70}}]},"4":{"loc":{"start":{"line":31,"column":13},"end":{"line":31,"column":46}},"type":"cond-expr","locations":[{"start":{"line":31,"column":36},"end":{"line":31,"column":41}},{"start":{"line":31,"column":44},"end":{"line":31,"column":46}}]},"5":{"loc":{"start":{"line":36,"column":17},"end":{"line":36,"column":38}},"type":"binary-expr","locations":[{"start":{"line":36,"column":17},"end":{"line":36,"column":33}},{"start":{"line":36,"column":37},"end":{"line":36,"column":38}}]},"6":{"loc":{"start":{"line":37,"column":21},"end":{"line":37,"column":46}},"type":"binary-expr","locations":[{"start":{"line":37,"column":21},"end":{"line":37,"column":41}},{"start":{"line":37,"column":45},"end":{"line":37,"column":46}}]},"7":{"loc":{"start":{"line":38,"column":19},"end":{"line":38,"column":42}},"type":"binary-expr","locations":[{"start":{"line":38,"column":19},"end":{"line":38,"column":37}},{"start":{"line":38,"column":41},"end":{"line":38,"column":42}}]},"8":{"loc":{"start":{"line":39,"column":21},"end":{"line":39,"column":46}},"type":"binary-expr","locations":[{"start":{"line":39,"column":21},"end":{"line":39,"column":41}},{"start":{"line":39,"column":45},"end":{"line":39,"column":46}}]},"9":{"loc":{"start":{"line":40,"column":21},"end":{"line":40,"column":46}},"type":"binary-expr","locations":[{"start":{"line":40,"column":21},"end":{"line":40,"column":41}},{"start":{"line":40,"column":45},"end":{"line":40,"column":46}}]},"10":{"loc":{"start":{"line":41,"column":22},"end":{"line":41,"column":48}},"type":"binary-expr","locations":[{"start":{"line":41,"column":22},"end":{"line":41,"column":43}},{"start":{"line":41,"column":47},"end":{"line":41,"column":48}}]},"11":{"loc":{"start":{"line":42,"column":19},"end":{"line":42,"column":42}},"type":"binary-expr","locations":[{"start":{"line":42,"column":19},"end":{"line":42,"column":37}},{"start":{"line":42,"column":41},"end":{"line":42,"column":42}}]},"12":{"loc":{"start":{"line":43,"column":20},"end":{"line":43,"column":47}},"type":"binary-expr","locations":[{"start":{"line":43,"column":20},"end":{"line":43,"column":39}},{"start":{"line":43,"column":43},"end":{"line":43,"column":47}}]},"13":{"loc":{"start":{"line":44,"column":19},"end":{"line":44,"column":43}},"type":"binary-expr","locations":[{"start":{"line":44,"column":19},"end":{"line":44,"column":37}},{"start":{"line":44,"column":41},"end":{"line":44,"column":43}}]},"14":{"loc":{"start":{"line":45,"column":30},"end":{"line":45,"column":64}},"type":"binary-expr","locations":[{"start":{"line":45,"column":30},"end":{"line":45,"column":59}},{"start":{"line":45,"column":63},"end":{"line":45,"column":64}}]},"15":{"loc":{"start":{"line":46,"column":14},"end":{"line":46,"column":95}},"type":"binary-expr","locations":[{"start":{"line":46,"column":14},"end":{"line":46,"column":27}},{"start":{"line":46,"column":31},"end":{"line":46,"column":95}}]},"16":{"loc":{"start":{"line":51,"column":41},"end":{"line":51,"column":78}},"type":"binary-expr","locations":[{"start":{"line":51,"column":41},"end":{"line":51,"column":51}},{"start":{"line":51,"column":55},"end":{"line":51,"column":78}}]},"17":{"loc":{"start":{"line":81,"column":8},"end":{"line":83,"column":21}},"type":"cond-expr","locations":[{"start":{"line":82,"column":13},"end":{"line":82,"column":37}},{"start":{"line":83,"column":12},"end":{"line":83,"column":21}}]},"18":{"loc":{"start":{"line":81,"column":8},"end":{"line":81,"column":85}},"type":"binary-expr","locations":[{"start":{"line":81,"column":8},"end":{"line":81,"column":34}},{"start":{"line":81,"column":39},"end":{"line":81,"column":85}}]},"19":{"loc":{"start":{"line":84,"column":18},"end":{"line":84,"column":73}},"type":"cond-expr","locations":[{"start":{"line":84,"column":51},"end":{"line":84,"column":61}},{"start":{"line":84,"column":64},"end":{"line":84,"column":73}}]},"20":{"loc":{"start":{"line":85,"column":12},"end":{"line":85,"column":55}},"type":"cond-expr","locations":[{"start":{"line":85,"column":39},"end":{"line":85,"column":43}},{"start":{"line":85,"column":46},"end":{"line":85,"column":55}}]},"21":{"loc":{"start":{"line":86,"column":10},"end":{"line":86,"column":49}},"type":"cond-expr","locations":[{"start":{"line":86,"column":35},"end":{"line":86,"column":37}},{"start":{"line":86,"column":40},"end":{"line":86,"column":49}}]},"22":{"loc":{"start":{"line":87,"column":13},"end":{"line":87,"column":40}},"type":"cond-expr","locations":[{"start":{"line":87,"column":21},"end":{"line":87,"column":34}},{"start":{"line":87,"column":37},"end":{"line":87,"column":40}}]},"23":{"loc":{"start":{"line":92,"column":41},"end":{"line":92,"column":78}},"type":"binary-expr","locations":[{"start":{"line":92,"column":41},"end":{"line":92,"column":51}},{"start":{"line":92,"column":55},"end":{"line":92,"column":78}}]},"24":{"loc":{"start":{"line":102,"column":2},"end":{"line":104,"column":3}},"type":"if","locations":[{"start":{"line":102,"column":2},"end":{"line":104,"column":3}}]},"25":{"loc":{"start":{"line":108,"column":4},"end":{"line":110,"column":5}},"type":"if","locations":[{"start":{"line":108,"column":4},"end":{"line":110,"column":5}}]},"26":{"loc":{"start":{"line":113,"column":41},"end":{"line":113,"column":78}},"type":"binary-expr","locations":[{"start":{"line":113,"column":41},"end":{"line":113,"column":51}},{"start":{"line":113,"column":55},"end":{"line":113,"column":78}}]},"27":{"loc":{"start":{"line":124,"column":2},"end":{"line":126,"column":3}},"type":"if","locations":[{"start":{"line":124,"column":2},"end":{"line":126,"column":3}}]},"28":{"loc":{"start":{"line":131,"column":4},"end":{"line":131,"column":55}},"type":"if","locations":[{"start":{"line":131,"column":4},"end":{"line":131,"column":55}}]},"29":{"loc":{"start":{"line":135,"column":2},"end":{"line":137,"column":3}},"type":"if","locations":[{"start":{"line":135,"column":2},"end":{"line":137,"column":3}}]},"30":{"loc":{"start":{"line":135,"column":6},"end":{"line":135,"column":76}},"type":"binary-expr","locations":[{"start":{"line":135,"column":6},"end":{"line":135,"column":18}},{"start":{"line":135,"column":22},"end":{"line":135,"column":76}}]},"31":{"loc":{"start":{"line":143,"column":41},"end":{"line":143,"column":79}},"type":"binary-expr","locations":[{"start":{"line":143,"column":41},"end":{"line":143,"column":51}},{"start":{"line":143,"column":55},"end":{"line":143,"column":79}}]},"32":{"loc":{"start":{"line":154,"column":2},"end":{"line":156,"column":3}},"type":"if","locations":[{"start":{"line":154,"column":2},"end":{"line":156,"column":3}}]},"33":{"loc":{"start":{"line":158,"column":20},"end":{"line":158,"column":34}},"type":"binary-expr","locations":[{"start":{"line":158,"column":20},"end":{"line":158,"column":28}},{"start":{"line":158,"column":32},"end":{"line":158,"column":34}}]},"34":{"loc":{"start":{"line":160,"column":2},"end":{"line":162,"column":3}},"type":"if","locations":[{"start":{"line":160,"column":2},"end":{"line":162,"column":3}}]},"35":{"loc":{"start":{"line":165,"column":2},"end":{"line":165,"column":49}},"type":"if","locations":[{"start":{"line":165,"column":2},"end":{"line":165,"column":49}}]},"36":{"loc":{"start":{"line":167,"column":2},"end":{"line":169,"column":3}},"type":"if","locations":[{"start":{"line":167,"column":2},"end":{"line":169,"column":3}}]},"37":{"loc":{"start":{"line":175,"column":41},"end":{"line":175,"column":80}},"type":"binary-expr","locations":[{"start":{"line":175,"column":41},"end":{"line":175,"column":51}},{"start":{"line":175,"column":55},"end":{"line":175,"column":80}}]},"38":{"loc":{"start":{"line":185,"column":2},"end":{"line":187,"column":3}},"type":"if","locations":[{"start":{"line":185,"column":2},"end":{"line":187,"column":3}}]},"39":{"loc":{"start":{"line":194,"column":41},"end":{"line":194,"column":79}},"type":"binary-expr","locations":[{"start":{"line":194,"column":41},"end":{"line":194,"column":51}},{"start":{"line":194,"column":55},"end":{"line":194,"column":79}}]},"40":{"loc":{"start":{"line":205,"column":14},"end":{"line":205,"column":28}},"type":"binary-expr","locations":[{"start":{"line":205,"column":14},"end":{"line":205,"column":22}},{"start":{"line":205,"column":26},"end":{"line":205,"column":28}}]},"41":{"loc":{"start":{"line":207,"column":4},"end":{"line":209,"column":5}},"type":"if","locations":[{"start":{"line":207,"column":4},"end":{"line":209,"column":5}}]},"42":{"loc":{"start":{"line":216,"column":15},"end":{"line":216,"column":32}},"type":"binary-expr","locations":[{"start":{"line":216,"column":15},"end":{"line":216,"column":24}},{"start":{"line":216,"column":28},"end":{"line":216,"column":32}}]},"43":{"loc":{"start":{"line":217,"column":21},"end":{"line":217,"column":44}},"type":"binary-expr","locations":[{"start":{"line":217,"column":21},"end":{"line":217,"column":36}},{"start":{"line":217,"column":40},"end":{"line":217,"column":44}}]},"44":{"loc":{"start":{"line":218,"column":13},"end":{"line":218,"column":28}},"type":"binary-expr","locations":[{"start":{"line":218,"column":13},"end":{"line":218,"column":20}},{"start":{"line":218,"column":24},"end":{"line":218,"column":28}}]},"45":{"loc":{"start":{"line":220,"column":17},"end":{"line":220,"column":33}},"type":"binary-expr","locations":[{"start":{"line":220,"column":17},"end":{"line":220,"column":28}},{"start":{"line":220,"column":32},"end":{"line":220,"column":33}}]},"46":{"loc":{"start":{"line":221,"column":21},"end":{"line":221,"column":41}},"type":"binary-expr","locations":[{"start":{"line":221,"column":21},"end":{"line":221,"column":36}},{"start":{"line":221,"column":40},"end":{"line":221,"column":41}}]},"47":{"loc":{"start":{"line":222,"column":19},"end":{"line":222,"column":37}},"type":"binary-expr","locations":[{"start":{"line":222,"column":19},"end":{"line":222,"column":32}},{"start":{"line":222,"column":36},"end":{"line":222,"column":37}}]},"48":{"loc":{"start":{"line":223,"column":21},"end":{"line":223,"column":41}},"type":"binary-expr","locations":[{"start":{"line":223,"column":21},"end":{"line":223,"column":36}},{"start":{"line":223,"column":40},"end":{"line":223,"column":41}}]},"49":{"loc":{"start":{"line":224,"column":21},"end":{"line":224,"column":41}},"type":"binary-expr","locations":[{"start":{"line":224,"column":21},"end":{"line":224,"column":36}},{"start":{"line":224,"column":40},"end":{"line":224,"column":41}}]},"50":{"loc":{"start":{"line":225,"column":22},"end":{"line":225,"column":43}},"type":"binary-expr","locations":[{"start":{"line":225,"column":22},"end":{"line":225,"column":38}},{"start":{"line":225,"column":42},"end":{"line":225,"column":43}}]},"51":{"loc":{"start":{"line":226,"column":19},"end":{"line":226,"column":37}},"type":"binary-expr","locations":[{"start":{"line":226,"column":19},"end":{"line":226,"column":32}},{"start":{"line":226,"column":36},"end":{"line":226,"column":37}}]},"52":{"loc":{"start":{"line":227,"column":20},"end":{"line":227,"column":42}},"type":"binary-expr","locations":[{"start":{"line":227,"column":20},"end":{"line":227,"column":34}},{"start":{"line":227,"column":38},"end":{"line":227,"column":42}}]},"53":{"loc":{"start":{"line":228,"column":20},"end":{"line":228,"column":39}},"type":"binary-expr","locations":[{"start":{"line":228,"column":20},"end":{"line":228,"column":34}},{"start":{"line":228,"column":38},"end":{"line":228,"column":39}}]},"54":{"loc":{"start":{"line":229,"column":19},"end":{"line":229,"column":38}},"type":"binary-expr","locations":[{"start":{"line":229,"column":19},"end":{"line":229,"column":32}},{"start":{"line":229,"column":36},"end":{"line":229,"column":38}}]},"55":{"loc":{"start":{"line":234,"column":32},"end":{"line":234,"column":46}},"type":"binary-expr","locations":[{"start":{"line":234,"column":32},"end":{"line":234,"column":36}},{"start":{"line":234,"column":40},"end":{"line":234,"column":46}}]},"56":{"loc":{"start":{"line":237,"column":41},"end":{"line":237,"column":78}},"type":"binary-expr","locations":[{"start":{"line":237,"column":41},"end":{"line":237,"column":51}},{"start":{"line":237,"column":55},"end":{"line":237,"column":78}}]}},"s":{"0":4,"1":4,"2":4,"3":4,"4":4,"5":4,"6":4,"7":4,"8":4,"9":2,"10":2,"11":2,"12":1,"13":1,"14":1,"15":0,"16":0,"17":4,"18":4,"19":0,"20":0,"21":0,"22":0,"23":0,"24":0,"25":0,"26":0,"27":0,"28":0,"29":0,"30":0,"31":0,"32":0,"33":0,"34":0,"35":0,"36":0,"37":0,"38":0,"39":0,"40":0,"41":0,"42":0,"43":0,"44":0,"45":0,"46":0,"47":1,"48":1,"49":1,"50":0,"51":0,"52":0,"53":0,"54":0,"55":0,"56":0,"57":0,"58":0,"59":0,"60":0,"61":0,"62":0,"63":0,"64":0,"65":0,"66":0,"67":0,"68":2,"69":2,"70":2,"71":6,"72":2,"73":2,"74":0,"75":0,"76":0,"77":0,"78":0},"f":{"0":2,"1":0,"2":0,"3":0,"4":1,"5":0,"6":2,"7":6},"b":{"0":[2,0],"1":[1],"2":[2,1,1],"3":[0,1],"4":[1,0],"5":[1,0],"6":[1,0],"7":[1,0],"8":[1,0],"9":[1,0],"10":[1,0],"11":[1,0],"12":[1,0],"13":[1,0],"14":[1,0],"15":[1,0],"16":[0,0],"17":[0,0],"18":[0,0],"19":[0,0],"20":[0,0],"21":[0,0],"22":[0,0],"23":[0,0],"24":[0],"25":[0],"26":[0,0],"27":[0],"28":[0],"29":[0],"30":[0,0],"31":[0,0],"32":[1],"33":[0,0],"34":[0],"35":[0],"36":[0],"37":[0,0],"38":[0],"39":[0,0],"40":[2,0],"41":[2],"42":[0,0],"43":[0,0],"44":[0,0],"45":[0,0],"46":[0,0],"47":[0,0],"48":[0,0],"49":[0,0],"50":[0,0],"51":[0,0],"52":[0,0],"53":[0,0],"54":[0,0],"55":[0,0],"56":[0,0]}}
,"C:\\Users\\kevin\\OneDrive\\Desktop\\personal-projects\\reliant_windows\\reliant-backend\\src\\modules\\quotes\\quotes.service.ts": {"path":"C:\\Users\\kevin\\OneDrive\\Desktop\\personal-projects\\reliant_windows\\reliant-backend\\src\\modules\\quotes\\quotes.service.ts","statementMap":{"0":{"start":{"line":14,"column":0},"end":{"line":14,"column":7}},"1":{"start":{"line":108,"column":0},"end":{"line":108,"column":7}},"2":{"start":{"line":305,"column":0},"end":{"line":305,"column":7}},"3":{"start":{"line":342,"column":0},"end":{"line":342,"column":7}},"4":{"start":{"line":374,"column":0},"end":{"line":374,"column":7}},"5":{"start":{"line":438,"column":0},"end":{"line":438,"column":7}},"6":{"start":{"line":460,"column":0},"end":{"line":460,"column":7}},"7":{"start":{"line":475,"column":0},"end":{"line":475,"column":7}},"8":{"start":{"line":2,"column":0},"end":{"line":2,"column":36}},"9":{"start":{"line":3,"column":0},"end":{"line":3,"column":null}},"10":{"start":{"line":15,"column":14},"end":{"line":33,"column":4}},"11":{"start":{"line":35,"column":15},"end":{"line":52,"column":4}},"12":{"start":{"line":54,"column":19},"end":{"line":54,"column":46}},"13":{"start":{"line":55,"column":2},"end":{"line":55,"column":30}},"14":{"start":{"line":109,"column":17},"end":{"line":109,"column":37}},"15":{"start":{"line":110,"column":2},"end":{"line":245,"column":3}},"16":{"start":{"line":111,"column":4},"end":{"line":111,"column":32}},"17":{"start":{"line":113,"column":4},"end":{"line":113,"column":58}},"18":{"start":{"line":115,"column":15},"end":{"line":115,"column":83}},"19":{"start":{"line":116,"column":4},"end":{"line":116,"column":73}},"20":{"start":{"line":119,"column":15},"end":{"line":121,"column":null}},"21":{"start":{"line":123,"column":4},"end":{"line":125,"column":5}},"22":{"start":{"line":124,"column":6},"end":{"line":124,"column":69}},"23":{"start":{"line":127,"column":19},"end":{"line":127,"column":26}},"24":{"start":{"line":130,"column":28},"end":{"line":150,"column":6}},"25":{"start":{"line":152,"column":23},"end":{"line":175,"column":6}},"26":{"start":{"line":177,"column":22},"end":{"line":177,"column":69}},"27":{"start":{"line":178,"column":4},"end":{"line":180,"column":5}},"28":{"start":{"line":179,"column":6},"end":{"line":179,"column":55}},"29":{"start":{"line":181,"column":28},"end":{"line":181,"column":48}},"30":{"start":{"line":184,"column":24},"end":{"line":184,"column":25}},"31":{"start":{"line":185,"column":4},"end":{"line":214,"column":5}},"32":{"start":{"line":186,"column":28},"end":{"line":192,"column":8}},"33":{"start":{"line":193,"column":6},"end":{"line":213,"column":7}},"34":{"start":{"line":194,"column":21},"end":{"line":207,"column":10}},"35":{"start":{"line":208,"column":18},"end":{"line":208,"column":57}},"36":{"start":{"line":209,"column":8},"end":{"line":211,"column":9}},"37":{"start":{"line":210,"column":10},"end":{"line":210,"column":59}},"38":{"start":{"line":212,"column":8},"end":{"line":212,"column":24}},"39":{"start":{"line":217,"column":19},"end":{"line":219,"column":null}},"40":{"start":{"line":221,"column":4},"end":{"line":223,"column":5}},"41":{"start":{"line":222,"column":6},"end":{"line":222,"column":80}},"42":{"start":{"line":225,"column":4},"end":{"line":225,"column":33}},"43":{"start":{"line":226,"column":4},"end":{"line":226,"column":73}},"44":{"start":{"line":227,"column":4},"end":{"line":227,"column":66}},"45":{"start":{"line":229,"column":4},"end":{"line":229,"column":35}},"46":{"start":{"line":231,"column":4},"end":{"line":240,"column":5}},"47":{"start":{"line":232,"column":6},"end":{"line":239,"column":9}},"48":{"start":{"line":241,"column":4},"end":{"line":241,"column":76}},"49":{"start":{"line":242,"column":4},"end":{"line":242,"column":14}},"50":{"start":{"line":244,"column":4},"end":{"line":244,"column":21}},"51":{"start":{"line":251,"column":24},"end":{"line":259,"column":11}},"52":{"start":{"line":265,"column":2},"end":{"line":265,"column":27}},"53":{"start":{"line":265,"column":10},"end":{"line":265,"column":27}},"54":{"start":{"line":266,"column":12},"end":{"line":266,"column":35}},"55":{"start":{"line":267,"column":2},"end":{"line":269,"column":16}},"56":{"start":{"line":274,"column":2},"end":{"line":274,"column":32}},"57":{"start":{"line":274,"column":20},"end":{"line":274,"column":32}},"58":{"start":{"line":276,"column":2},"end":{"line":287,"column":4}},"59":{"start":{"line":306,"column":15},"end":{"line":306,"column":57}},"60":{"start":{"line":308,"column":32},"end":{"line":323,"column":4}},"61":{"start":{"line":325,"column":2},"end":{"line":325,"column":31}},"62":{"start":{"line":343,"column":26},"end":{"line":343,"column":28}},"63":{"start":{"line":344,"column":22},"end":{"line":344,"column":24}},"64":{"start":{"line":345,"column":10},"end":{"line":345,"column":11}},"65":{"start":{"line":347,"column":2},"end":{"line":347,"column":74}},"66":{"start":{"line":347,"column":18},"end":{"line":347,"column":51}},"67":{"start":{"line":347,"column":52},"end":{"line":347,"column":72}},"68":{"start":{"line":348,"column":2},"end":{"line":351,"column":3}},"69":{"start":{"line":349,"column":4},"end":{"line":349,"column":65}},"70":{"start":{"line":350,"column":4},"end":{"line":350,"column":35}},"71":{"start":{"line":350,"column":36},"end":{"line":350,"column":40}},"72":{"start":{"line":352,"column":2},"end":{"line":352,"column":75}},"73":{"start":{"line":352,"column":16},"end":{"line":352,"column":54}},"74":{"start":{"line":352,"column":55},"end":{"line":352,"column":73}},"75":{"start":{"line":353,"column":2},"end":{"line":353,"column":99}},"76":{"start":{"line":353,"column":16},"end":{"line":353,"column":80}},"77":{"start":{"line":353,"column":81},"end":{"line":353,"column":97}},"78":{"start":{"line":355,"column":16},"end":{"line":355,"column":59}},"79":{"start":{"line":357,"column":14},"end":{"line":364,"column":4}},"80":{"start":{"line":366,"column":12},"end":{"line":366,"column":39}},"81":{"start":{"line":367,"column":2},"end":{"line":367,"column":22}},"82":{"start":{"line":375,"colum
[...]
,"end":{"line":161,"column":45}},"47":{"start":{"line":162,"column":10},"end":{"line":162,"column":45}},"48":{"start":{"line":165,"column":8},"end":{"line":165,"column":41}},"49":{"start":{"line":166,"column":8},"end":{"line":166,"column":28}},"50":{"start":{"line":170,"column":6},"end":{"line":188,"column":7}},"51":{"start":{"line":171,"column":19},"end":{"line":171,"column":38}},"52":{"start":{"line":172,"column":8},"end":{"line":172,"column":34}},"53":{"start":{"line":172,"column":17},"end":{"line":172,"column":34}},"54":{"start":{"line":173,"column":20},"end":{"line":173,"column":43}},"55":{"start":{"line":174,"column":8},"end":{"line":174,"column":35}},"56":{"start":{"line":174,"column":18},"end":{"line":174,"column":35}},"57":{"start":{"line":177,"column":26},"end":{"line":178,"column":null}},"58":{"start":{"line":178,"column":17},"end":{"line":178,"column":82}},"59":{"start":{"line":181,"column":34},"end":{"line":185,"column":10}},"60":{"start":{"line":186,"column":8},"end":{"line":186,"column":41}},"61":{"start":{"line":187,"column":8},"end":{"line":187,"column":32}},"62":{"start":{"line":191,"column":6},"end":{"line":195,"column":7}},"63":{"start":{"line":192,"column":19},"end":{"line":192,"column":36}},"64":{"start":{"line":193,"column":19},"end":{"line":193,"column":45}},"65":{"start":{"line":194,"column":8},"end":{"line":194,"column":59}},"66":{"start":{"line":199,"column":4},"end":{"line":259,"column":5}},"67":{"start":{"line":201,"column":6},"end":{"line":208,"column":7}},"68":{"start":{"line":202,"column":24},"end":{"line":202,"column":35}},"69":{"start":{"line":203,"column":8},"end":{"line":206,"column":9}},"70":{"start":{"line":204,"column":22},"end":{"line":204,"column":55}},"71":{"start":{"line":205,"column":10},"end":{"line":205,"column":43}},"72":{"start":{"line":207,"column":8},"end":{"line":207,"column":54}},"73":{"start":{"line":211,"column":6},"end":{"line":238,"column":7}},"74":{"start":{"line":213,"column":27},"end":{"line":234,"column":19}},"75":{"start":{"line":236,"column":8},"end":{"line":236,"column":38}},"76":{"start":{"line":237,"column":8},"end":{"line":237,"column":28}},"77":{"start":{"line":241,"column":6},"end":{"line":258,"column":7}},"78":{"start":{"line":242,"column":19},"end":{"line":242,"column":38}},"79":{"start":{"line":243,"column":8},"end":{"line":243,"column":34}},"80":{"start":{"line":243,"column":17},"end":{"line":243,"column":34}},"81":{"start":{"line":244,"column":20},"end":{"line":244,"column":40}},"82":{"start":{"line":245,"column":8},"end":{"line":245,"column":35}},"83":{"start":{"line":245,"column":18},"end":{"line":245,"column":35}},"84":{"start":{"line":248,"column":28},"end":{"line":249,"column":null}},"85":{"start":{"line":249,"column":17},"end":{"line":249,"column":77}},"86":{"start":{"line":252,"column":31},"end":{"line":255,"column":10}},"87":{"start":{"line":256,"column":8},"end":{"line":256,"column":38}},"88":{"start":{"line":257,"column":8},"end":{"line":257,"column":32}},"89":{"start":{"line":262,"column":4},"end":{"line":262,"column":21}},"90":{"start":{"line":267,"column":13},"end":{"line":267,"column":44}},"91":{"start":{"line":269,"column":0},"end":{"line":269,"column":28}}},"fnMap":{"0":{"name":"(anonymous_0)","decl":{"start":{"line":53,"column":13},"end":{"line":53,"column":17}},"loc":{"start":{"line":53,"column":30},"end":{"line":53,"column":49}}},"1":{"name":"(anonymous_1)","decl":{"start":{"line":54,"column":15},"end":{"line":54,"column":18}},"loc":{"start":{"line":54,"column":21},"end":{"line":54,"column":45}}},"2":{"name":"rid","decl":{"start":{"line":56,"column":9},"end":{"line":56,"column":12}},"loc":{"start":{"line":56,"column":12},"end":{"line":64,"column":1}}},"3":{"name":"touches","decl":{"start":{"line":66,"column":9},"end":{"line":66,"column":16}},"loc":{"start":{"line":66,"column":55},"end":{"line":79,"column":1}}},"4":{"name":"pickIdParam","decl":{"start":{"line":81,"column":9},"end":{"line":81,"column":20}},"loc":{"start":{"line":81,"column":34},"end":{"line":96,"column":1}}},"5":{"name":"(anonymous_5)","decl":{"start":{"line":90,"column":4},"end":{"line":90,"column":5}},"loc":{"start":{"line":90,"column":11},"end":{"line":90,"column":61}}},"6":{"name":"rowArray","decl":{"start":{"line":98,"column":9},"end":{"line":98,"column":17}},"loc":{"start":{"line":98,"column":38},"end":{"line":98,"column":68}}},"7":{"name":"(anonymous_7)","decl":{"start":{"line":121,"column":2},"end":{"line":121,"column":7}},"loc":{"start":{"line":121,"column":54},"end":{"line":263,"column":3}}},"8":{"name":"(anonymous_8)","decl":{"start":{"line":178,"column":10},"end":{"line":178,"column":11}},"loc":{"start":{"line":178,"column":17},"end":{"line":178,"column":82}}},"9":{"name":"(anonymous_9)","decl":{"start":{"line":249,"column":10},"end":{"line":249,"column":11}},"loc":{"start":{"line":249,"column":17},"end":{"line":249,"column":77}}},"10":{"name":"(anonymous_10)","decl":{"start":{"line":267,"column":27},"end":{"line":267,"column":32}},"loc":{"start":{"line":267,"column":38},"end":{"line":267,"column":41}}}},"branchMap":{"0":{"loc":{"start":{"line":60,"column":11},"end":{"line":60,"column":92}},"type":"binary-expr","locations":[{"start":{"line":60,"column":11},"end":{"line":60,"column":41}},{"start":{"line":60,"column":45},"end":{"line":60,"column":92}}]},"1":{"loc":{"start":{"line":70,"column":4},"end":{"line":77,"column":28}},"type":"binary-expr","locations":[{"start":{"line":70,"column":4},"end":{"line":70,"column":26}},{"start":{"line":71,"column":4},"end":{"line":71,"column":26}},{"start":{"line":72,"column":4},"end":{"line":72,"column":31}},{"start":{"line":73,"column":4},"end":{"line":73,"column":31}},{"start":{"line":74,"column":4},"end":{"line":74,"column":33}},{"start":{"line":75,"column":4},"end":{"line":75,"column":31}},{"start":{"line":76,"column":4},"end":{"line":76,"column":33}},{"start":{"line":77,"column":4},"end":{"line":77,"column":28}}]},"2":{"loc":{"start":{"line":83,"column":2},"end":{"line":87,"column":3}},"type":"if","locations":[{"start":{"line":83,"column":2},"end":{"line":87,"column":3}}]},"3":{"loc":{"start":{"line":85,"column":4},"end":{"line":85,"column":87}},"type":"if","locations":[{"start":{"line":85,"column":4},"end":{"line":85,"column":87}}]},"4":{"loc":{"start":{"line":85,"column":8},"end":{"line":85,"column":68}},"type":"binary-expr","locations":[{"start":{"line":85,"column":8},"end":{"line":85,"column":29}},{"start":{"line":85,"column":33},"end":{"line":85,"column":68}}]},"5":{"loc":{"start":{"line":86,"column":4},"end":{"line":86,"column":87}},"type":"if","locations":[{"start":{"line":86,"column":4},"end":{"line":86,"column":87}}]},"6":{"loc":{"start":{"line":86,"column":8},"end":{"line":86,"column":68}},"type":"binary-expr","locations":[{"start":{"line":86,"column":8},"end":{"line":86,"column":29}},{"start":{"line":86,"column":33},"end":{"line":86,"column":68}}]},"7":{"loc":{"start":{"line":90,"column":11},"end":{"line":90,"column":61}},"type":"binary-expr","locations":[{"start":{"line":90,"column":11},"end":{"line":90,"column":32}},{"start":{"line":90,"column":36},"end":{"line":90,"column":61}}]},"8":{"loc":{"start":{"line":92,"column":2},"end":{"line":92,"column":40}},"type":"if","locations":[{"start":{"line":92,"column":2},"end":{"line":92,"column":40}}]},"9":{"loc":{"start":{"line":95,"column":9},"end":{"line":95,"column":52}},"type":"cond-expr","locations":[{"start":{"line":95,"column":25},"end":{"line":95,"column":45}},{"start":{"line":95,"column":48},"end":{"line":95,"column":52}}]},"10":{"loc":{"start":{"line":121,"column":36},"end":{"line":121,"column":54}},"type":"default-arg","locations":[{"start":{"line":121,"column":52},"end":{"line":121,"column":54}}]},"11":{"loc":{"start":{"line":122,"column":15},"end":{"line":122,"column":24}},"type":"binary-expr","locations":[{"start":{"line":122,"column":15},"end":{"line":122,"column":18}},{"start":{"line":122,"column":22},"end":{"line":122,"column":24}}]},"12":{"loc":{"start":{"line":125,"column":4},"end":{"line":196,"column":5}},"type":"if","locations":[{"start":{"line":125,"column":4},"end":{"line":196,"column":5}}]},"13":{"loc":{"start":{"line":127,"column":6},"end":{"line":135,"column":7}},"type":"if","locations":[{"start":{"line":127,"column":6},"end":{"line":135,"column":7}}]},"14":{"loc":{"start":{"line":130,"column":8},"end":{"line":133,"column":9}},"type":"if","locations":[{"start":{"line":130,"column":8},"end":{"line":133,"column":9}}]},"15":{"loc":{"start":{"line":130,"column":12},"end":{"line":130,"column":44}},"type":"binary-expr","locations":[{"start":{"line":130,"column":12},"end":{"line":130,"column":33}},{"start":{"line":130,"column":37},"end":{"line":130,"column":44}}]},"16":{"loc":{"start":{"line":132,"column":18},"end":{"line":132,"column":34}},"type":"cond-expr","locations":[{"start":{"line":132,"column":24},"end":{"line":132,"column":29}},{"start":{"line":132,"column":32},"end":{"line":132,"column":34}}]},"17":{"loc":{"start":{"line":138,"column":6},"end":{"line":167,"column":7}},"type":"if","locations":[{"start":{"line":138,"column":6},"end":{"line":167,"column":7}}]},"18":{"loc":{"start":{"line":148,"column":8},"end":{"line":163,"column":9}},"type":"if","locations":[{"start":{"line":148,"column":8},"end":{"line":163,"column":9}},{"start":{"line":157,"column":15},"end":{"line":163,"column":9}}]},"19":{"loc":{"start":{"line":150,"column":30},"end":{"line":150,"column":54}},"type":"binary-expr","locations":[{"start":{"line":150,"column":30},"end":{"line":150,"column":39}},{"start":{"line":150,"column":43},"end":{"line":150,"column":54}}]},"20":{"loc":{"start":{"line":151,"column":30},"end":{"line":151,"column":54}},"type":"binary-expr","locations":[{"start":{"line":151,"column":30},"end":{"line":151,"column":39}},{"start":{"line":151,"column":43},"end":{"line":151,"column":54}}]},"21":{"loc":{"start":{"line":153,"column":30},"end":{"line":153,"column":47}},"type":"binary-expr","locations":[{"start":{"line":153,"column":30},"end":{"line":153,"column":39}},{"start":{"line":153,"column":43},"end":{"line":153,"column":47}}]},"22":{"loc":{"start":{"line":154,"column":30},"end":{"line":154,"column":47}},"type":"binary-expr","locations":[{"start":{"line":154,"column":30},"end":{"line":154,"column":39}},{"start":{"line":154,"column":43},"end":{"line":154,"column":47}}]},"23":{"loc":{"start":{"line":155,"column":30},"end":{"line":155,"column":47}},"type":"binary-expr","locations":[{"start":{"line":155,"column":30},"end":{"line":155,"column":39}},{"start":{"line":155,"column":43},"end":{"line":155,"column":47}}]},"24":{"loc":{"start":{"line":159,"column":26},"end":{"line":159,"column":50}},"type":"binary-expr","locations":[{"start":{"line":159,"column":26},"end":{"line":159,"column":35}},{"start":{"line":159,"column":39},"end":{"line":159,"column":50}}]},"25":{"loc":{"start":{"line":160,"column":26},"end":{"line":160,"column":43}},"type":"binary-expr","locations":[{"start":{"line":160,"column":26},"end":{"line":160,"column":35}},{"start":{"line":160,"column":39},"end":{"line":160,"column":43}}]},"26":{"loc":{"start":{"line":161,"column":26},"end":{"line":161,"column":43}},"type":"binary-expr","locations":[{"start":{"line":161,"column":26},"end":{"line":161,"column":35}},{"start":{"line":161,"column":39},"end":{"line":161,"column":43}}]},"27":{"loc":{"start":{"line":162,"column":26},"end":{"line":162,"column":43}},"type":"binary-expr","locations":[{"start":{"line":162,"column":26},"end":{"line":162,"column":35}},{"start":{"line":162,"column":39},"end":{"line":162,"column":43}}]},"28":{"loc":{"start":{"line":170,"column":6},"end":{"line":188,"column":7}},"type":"if","locations":[{"start":{"line":170,"column":6},"end":{"line":188,"column":7}}]},"29":{"loc":{"start":{"line":172,"column":8},"end":{"line":172,"column":34}},"type":"if","locations":[{"start":{"line":172,"column":8},"end":{"line":172,"column":34}}]},"30":{"loc":{"start":{"line":174,"column":8},"end":{"line":174,"column":35}},"type":"if","locations":[{"start":{"line":174,"column":8},"end":{"line":174,"column":35}}]},"31":{"loc":{"start":{"line":178,"column":17},"end":{"line":178,"column":82}},"type":"binary-expr","locations":[{"start":{"line":178,"column":17},"end":{"line":178,"column":38}},{"start":{"line":178,"column":42},"end":{"line":178,"column":50}},{"start":{"line":178,"column":54},"end":{"line":178,"column":82}}]},"32":{"loc":{"start":{"line":183,"column":24},"end":{"line":183,"column":79}},"type":"binary-expr","locations":[{"start":{"line":183,"column":24},"end":{"line":183,"column":33}},{"start":{"line":183,"column":37},"end":{"line":183,"column":53}},{"start":{"line":183,"column":57},"end":{"line":183,"column":65}},{"start":{"line":183,"column":69},"end":{"line":183,"column":79}}]},"33":{"loc":{"start":{"line":184,"column":17},"end":{"line":184,"column":72}},"type":"binary-expr","locations":[{"start":{"line":184,"column":17},"end":{"line":184,"column":26}},{"start":{"line":184,"column":30},"end":{"line":184,"column":38}},{"start":{"line":184,"column":42},"end":{"line":184,"column":58}},{"start":{"line":184,"column":62},"end":{"line":184,"column":72}}]},"34":{"loc":{"start":{"line":191,"column":6},"end":{"line":195,"column":7}},"type":"if","locations":[{"start":{"line":191,"column":6},"end":{"line":195,"column":7}}]},"35":{"loc":{"start":{"line":194,"column":15},"end":{"line":194,"column":58}},"type":"cond-expr","locations":[{"start":{"line":194,"column":20},"end":{"line":194,"column":46}},{"start":{"line":194,"column":49},"end":{"line":194,"column":58}}]},"36":{"loc":{"start":{"line":199,"column":4},"end":{"line":259,"column":5}},"type":"if","locations":[{"start":{"line":199,"column":4},"end":{"line":259,"column":5}}]},"37":{"loc":{"start":{"line":201,"column":6},"end":{"line":208,"column":7}},"type":"if","locations":[{"start":{"line":201,"column":6},"end":{"line":208,"column":7}}]},"38":{"loc":{"start":{"line":203,"column":8},"end":{"line":206,"column":9}},"type":"if","locations":[{"start":{"line":203,"column":8},"end":{"line":206,"column":9}}]},"39":{"loc":{"start":{"line":203,"column":12},"end":{"line":203,"column":44}},"type":"binary-expr","locations":[{"start":{"line":203,"column":12},"end":{"line":203,"column":33}},{"start":{"line":203,"column":37},"end":{"line":203,"column":44}}]},"40":{"loc":{"start":{"line":205,"column":18},"end":{"line":205,"column":34}},"type":"cond-expr","locations":[{"start":{"line":205,"column":24},"end":{"line":205,"column":29}},{"start":{"line":205,"column":32},"end":{"line":205,"column":34}}]},"41":{"loc":{"start":{"line":211,"column":6},"end":{"line":238,"column":7}},"type":"if","locations":[{"start":{"line":211,"column":6},"end":{"line":238,"column":7}}]},"42":{"loc":{"start":{"line":216,"column":30},"end":{"line":216,"column":49}},"type":"binary-expr","locations":[{"start":{"line":216,"column":30},"end":{"line":216,"column":39}},{"start":{"line":216,"column":43},"end":{"line":216,"column":49}}]},"43":{"loc":{"start":{"line":217,"column":25},"end":{"line":217,"column":58}},"type":"binary-expr","locations":[{"start":{"line":217,"column":25},"end":{"line":217,"column":34}},{"start":{"line":217,"column":38},"end":{"line":217,"column":58}}]},"44":{"loc":{"start":{"line":218,"column":22},"end":{"line":218,"column":41}},"type":"binary-expr","locations":[{"start":{"line":218,"column":22},"end":{"line":218,"column":31}},{"start":{"line":218,"column":35},"end":{"line":218,"column":41}}]},"45":{"loc":{"start":{"line":219,"column":20},"end":{"line":219,"column":42}},"type":"binary-expr","locations":[{"start":{"line":219,"column":20},"end":{"line":219,"column":29}},{"start":{"line":219,"column":33},"end":{"line":219,"column":42}}]},"46":{"loc":{"start":{"line":220,"column":19},"end":{"line":220,"column":39}},"type":"binary-expr","locations":[{"start":{"line":220,"column":19},"end":{"line":220,"column":28}},{"start":{"line":220,"column":32},"end":{"line":220,"column":39}}]},"47":{"loc":{"start":{"line":221,"column":26},"end":{"line":221,"column":43}},"type":"binary-expr","locations":[{"start":{"line":221,"column":26},"end":{"line":221,"column":35}},{"start":{"line":221,"column":39},"end":{"line":221,"column":43}}]},"48":{"loc":{"start":{"line":222,"column":18},"end":{"line":222,"column":35}},"type":"binary-expr","locations":[{"start":{"line":222,"column":18},"end":{"line":222,"column":27}},{"start":{"line":222,"column":31},"end":{"line":222,"column":35}}]},"49":{"loc":{"start":{"line":223,"column":32},"end":{"line":223,"column":46}},"type":"binary-expr","locations":[{"start":{"line":223,"column":32},"end":{"line":223,"column":41}},{"start":{"line":223,"column":45},"end":{"line":223,"column":46}}]},"50":{"loc":{"start":{"line":224,"column":30},"end":{"line":224,"column":44}},"type":"binary-expr","locations":[{"start":{"line":224,"column":30},"end":{"line":224,"column":39}},{"start":{"line":224,"column":43},"end":{"line":224,"column":44}}]},"51":{"loc":{"start":{"line":225,"column":32},"end":{"line":225,"column":46}},"type":"binary-expr","locations":[{"start":{"line":225,"column":32},"end":{"line":225,"column":41}},{"start":{"line":225,"column":45},"end":{"line":225,"column":46}}]},"52":{"loc":{"start":{"line":226,"column":33},"end":{"line":226,"column":48}},"type":"binary-expr","locations":[{"start":{"line":226,"column":33},"end":{"line":226,"column":43}},{"start":{"line":226,"column":47},"end":{"line":226,"column":48}}]},"53":{"loc":{"start":{"line":227,"column":30},"end":{"line":227,"column":45}},"type":"binary-expr","locations":[{"start":{"line":227,"column":30},"end":{"line":227,"column":40}},{"start":{"line":227,"column":44},"end":{"line":227,"column":45}}]},"54":{"loc":{"start":{"line":241,"column":6},"end":{"line":258,"column":7}},"type":"if","locations":[{"start":{"line":241,"column":6},"end":{"line":258,"column":7}}]},"55":{"loc":{"start":{"line":243,"column":8},"end":{"line":243,"column":34}},"type":"if","locations":[{"start":{"line":243,"column":8},"end":{"line":243,"column":34}}]},"56":{"loc":{"start":{"line":245,"column":8},"end":{"line":245,"column":35}},"type":"if","locations":[{"start":{"line":245,"column":8},"end":{"line":245,"column":35}}]},"57":{"loc":{"start":{"line":249,"column":17},"end":{"line":249,"column":77}},"type":"binary-expr","locations":[{"start":{"line":249,"column":17},"end":{"line":249,"column":38}},{"start":{"line":249,"column":42},"end":{"line":249,"column":77}}]},"58":{"loc":{"start":{"line":254,"column":18},"end":{"line":254,"column":43}},"type":"binary-expr","locations":[{"start":{"line":254,"column":18},"end":{"line":254,"column":29}},{"start":{"line":254,"column":33},"end":{"line":254,"column":43}}]}},"s":{"0":4,"1":4,"2":4,"3":0,"4":4,"5":4,"6":4,"7":4,"8":0,"9":0,"10":0,"11":0,"12":0,"13":0,"14":0,"15":0,"16":0,"17":0,"18":0,"19":0,"20":0,"21":0,"22":0,"23":4,"24":4,"25":4,"26":0,"27":0,"28":0,"29":0,"30":0,"31":0,"32":0,"33":0,"34":0,"35":0,"36":0,"37":0,"38":0,"39":0,"40":0,"41":0,"42":0,"43":0,"44":0,"45":0,"46":0,"47":0,"48":0,"49":0,"50":0,"51":0,"52":0,"53":0,"54":0,"55":0,"56":0,"57":0,"58":0,"59":0,"60":0,"61":0,"62":0,"63":0,"64":0,"65":0,"66":0,"67":0,"68":0,"69":0,"70":0,"71":0,"72":0,"73":0,"74":0,"75":0,"76":0,"77":0,"78":0,"79":0,"80":0,"81":0,"82":0,"83":0,"84":0,"85":0,"86":0,"87":0,"88":0,"89":0,"90":4,"91":4},"f":{"0":0,"1":4,"2":4,"3":0,"4":0,"5":0,"6":0,"7":0,"8":0,"9":0,"10":0},"b":{"0":[4,0],"1":[0,0,0,0,0,0,0,0],"2":[0],"3":[0],"4":[0,0],"5":[0],"6":[0,0],"7":[0,0],"8":[0],"9":[0,0],"10":[0],"11":[0,0],"12":[0],"13":[0],"14":[0],"15":[0,0],"16":[0,0],"17":[0],"18":[0,0],"19":[0,0],"20":[0,0],"21":[0,0],"22":[0,0],"23":[0,0],"24":[0,0],"25":[0,0],"26":[0,0],"27":[0,0],"28":[0],"29":[0],"30":[0],"31":[0,0,0],"32":[0,0,0,0],"33":[0,0,0,0],"34":[0],"35":[0,0],"36":[0],"37":[0],"38":[0],"39":[0,0],"40":[0,0],"41":[0],"42":[0,0],"43":[0,0],"44":[0,0],"45":[0,0],"46":[0,0],"47":[0,0],"48":[0,0],"49":[0,0],"50":[0,0],"51":[0,0],"52":[0,0],"53":[0,0],"54":[0],"55":[0],"56":[0],"57":[0,0],"58":[0,0]}}
}
