TN:
SF:src\app.ts
FN:11,createApp
FN:34,(anonymous_2)
FNF:2
FNH:2
FNDA:4,createApp
FNDA:1,(anonymous_2)
DA:1,4
DA:2,4
DA:3,4
DA:4,4
DA:5,4
DA:6,4
DA:8,4
DA:9,4
DA:11,4
DA:12,4
DA:14,4
DA:17,4
DA:18,4
DA:25,4
DA:26,4
DA:29,4
DA:30,4
DA:31,4
DA:34,4
DA:35,1
DA:39,4
DA:42,4
DA:43,4
DA:45,4
LF:24
LH:24
BRDA:12,0,0,4
BRDA:12,0,1,0
BRDA:35,1,0,1
BRDA:35,1,1,0
BRF:4
BRH:2
end_of_record
TN:
SF:src\routes.ts
FN:10,(anonymous_10)
FN:16,(anonymous_11)
FN:76,(anonymous_12)
FN:127,(anonymous_13)
FN:172,(anonymous_14)
FN:217,(anonymous_15)
FNF:6
FNH:1
FNDA:0,(anonymous_10)
FNDA:3,(anonymous_11)
FNDA:0,(anonymous_12)
FNDA:0,(anonymous_13)
FNDA:0,(anonymous_14)
FNDA:0,(anonymous_15)
DA:1,4
DA:2,4
DA:4,4
DA:5,4
DA:6,4
DA:7,4
DA:10,4
DA:13,4
DA:17,3
DA:18,3
DA:23,3
DA:24,3
DA:25,3
DA:27,3
DA:28,0
DA:31,0
DA:32,0
DA:35,3
DA:36,3
DA:37,3
DA:38,0
DA:39,3
DA:40,0
DA:42,3
DA:43,0
DA:44,0
DA:45,0
DA:48,3
DA:49,3
DA:50,0
DA:51,0
DA:52,0
DA:55,3
DA:57,3
DA:65,3
DA:66,0
DA:68,3
DA:74,4
DA:77,0
DA:79,0
DA:81,0
DA:82,0
DA:83,0
DA:85,0
DA:86,0
DA:87,0
DA:89,0
DA:90,0
DA:91,0
DA:93,0
DA:94,0
DA:95,0
DA:97,0
DA:98,0
DA:99,0
DA:100,0
DA:103,0
DA:105,0
DA:112,0
DA:115,0
DA:117,0
DA:124,4
DA:128,0
DA:129,0
DA:133,0
DA:134,0
DA:135,0
DA:137,0
DA:138,0
DA:139,0
DA:140,0
DA:142,0
DA:143,0
DA:144,0
DA:145,0
DA:148,0
DA:150,0
DA:159,0
DA:160,0
DA:162,0
DA:167,4
DA:170,4
DA:173,0
DA:174,0
DA:176,0
DA:177,0
DA:178,0
DA:180,0
DA:181,0
DA:182,0
DA:185,0
DA:186,0
DA:187,0
DA:188,0
DA:191,0
DA:193,0
DA:200,0
DA:201,0
DA:203,0
DA:210,4
DA:211,4
DA:212,4
DA:214,4
DA:216,4
DA:217,4
DA:218,0
DA:219,0
DA:225,0
DA:226,0
DA:231,0
DA:235,0
DA:236,0
DA:238,0
DA:243,4
LF:114
LH:36
BRDA:18,0,0,2
BRDA:27,1,0,0
BRDA:27,2,0,3
BRDA:27,2,1,0
BRDA:35,3,0,0
BRDA:35,3,1,3
BRDA:36,4,0,0
BRDA:36,4,1,3
BRDA:37,5,0,0
BRDA:37,5,1,3
BRDA:39,6,0,0
BRDA:42,7,0,0
BRDA:42,8,0,3
BRDA:42,8,1,0
BRDA:49,9,0,0
BRDA:49,10,0,3
BRDA:49,10,1,0
BRDA:49,10,2,0
BRDA:55,11,0,3
BRDA:55,11,1,0
BRDA:60,12,0,0
BRDA:60,12,1,3
BRDA:78,13,0,0
BRDA:85,14,0,0
BRDA:89,15,0,0
BRDA:93,16,0,0
BRDA:97,17,0,0
BRDA:97,18,0,0
BRDA:97,18,1,0
BRDA:103,19,0,0
BRDA:103,19,1,0
BRDA:108,20,0,0
BRDA:108,20,1,0
BRDA:129,21,0,0
BRDA:137,22,0,0
BRDA:142,23,0,0
BRDA:148,24,0,0
BRDA:148,24,1,0
BRDA:154,25,0,0
BRDA:154,25,1,0
BRDA:174,26,0,0
BRDA:180,27,0,0
BRDA:180,28,0,0
BRDA:180,28,1,0
BRDA:185,29,0,0
BRDA:185,30,0,0
BRDA:185,30,1,0
BRDA:191,31,0,0
BRDA:191,31,1,0
BRDA:196,32,0,0
BRDA:196,32,1,0
BRDA:219,33,0,0
BRDA:219,33,1,0
BRDA:225,34,0,0
BRDA:225,35,0,0
BRDA:225,35,1,0
BRDA:231,36,0,0
BRDA:231,36,1,0
BRDA:232,37,0,0
BRDA:232,37,1,0
BRF:60
BRH:9
end_of_record
TN:
SF:src\middlewares\error.ts
FN:3,notFound
FN:7,errorHandler
FNF:2
FNH:2
FNDA:3,notFound
FNDA:3,errorHandler
DA:3,4
DA:4,3
DA:7,4
DA:9,3
DA:10,3
DA:11,3
DA:12,3
LF:7
LH:7
BRDA:9,0,0,3
BRDA:9,0,1,0
BRDA:9,0,2,0
BRDA:10,1,0,0
BRDA:10,1,1,3
BRDA:11,2,0,3
BRDA:11,2,1,0
BRF:7
BRH:3
end_of_record
TN:
SF:src\modules\quotes\pricing.model.ts
FN:110,r2
FN:113,toArea
FN:121,qtyFromItems
FN:122,(anonymous_3)
FN:126,lineCount
FN:131,timeframeMult
FN:138,roughAreaDistance
FN:151,aiSuggestCosts
FNF:8
FNH:0
FNDA:0,r2
FNDA:0,toArea
FNDA:0,qtyFromItems
FNDA:0,(anonymous_3)
FNDA:0,lineCount
FNDA:0,timeframeMult
FNDA:0,roughAreaDistance
FNDA:0,aiSuggestCosts
DA:2,4
DA:82,4
DA:110,0
DA:114,0
DA:115,0
DA:116,0
DA:117,0
DA:122,0
DA:127,0
DA:132,0
DA:133,0
DA:134,0
DA:140,0
DA:141,0
DA:142,0
DA:151,4
DA:152,0
DA:155,0
DA:156,0
DA:158,0
DA:159,0
DA:160,0
DA:162,0
DA:164,0
DA:165,0
DA:168,0
DA:169,0
DA:171,0
DA:174,0
DA:188,0
DA:191,0
DA:192,0
DA:193,0
DA:194,0
DA:198,0
DA:199,0
DA:201,0
LF:37
LH:3
BRDA:110,0,0,0
BRDA:110,0,1,0
BRDA:114,1,0,0
BRDA:117,2,0,0
BRDA:117,2,1,0
BRDA:122,3,0,0
BRDA:122,3,1,0
BRDA:127,4,0,0
BRDA:127,4,1,0
BRDA:132,5,0,0
BRDA:133,6,0,0
BRDA:140,7,0,0
BRDA:142,8,0,0
BRDA:142,8,1,0
BRDA:152,9,0,0
BRDA:152,9,1,0
BRDA:179,10,0,0
BRDA:179,10,1,0
BRDA:180,11,0,0
BRDA:180,11,1,0
BRDA:182,12,0,0
BRDA:182,12,1,0
BRDA:183,13,0,0
BRDA:183,13,1,0
BRDA:191,14,0,0
BRDA:193,15,0,0
BRDA:193,15,1,0
BRDA:199,16,0,0
BRDA:199,16,1,0
BRDA:199,17,0,0
BRDA:199,17,1,0
BRDA:212,18,0,0
BRDA:212,18,1,0
BRF:33
BRH:0
end_of_record
TN:
SF:src\modules\quotes\pricing.service.ts
FN:16,round2
FN:24,roughRuleTotals
FN:25,(anonymous_2)
FN:54,predictBaseCostONNX
FN:80,fallbackBaseHeuristic
FN:81,(anonymous_5)
FN:95,predictQuoteCosts
FN:164,priceQuote
FN:295,round
FN:301,getUrgencyMult
FN:314,getLatestPercent
FNF:11
FNH:7
FNDA:8,round2
FNDA:2,roughRuleTotals
FNDA:2,(anonymous_2)
FNDA:1,predictBaseCostONNX
FNDA:1,fallbackBaseHeuristic
FNDA:1,(anonymous_5)
FNDA:1,predictQuoteCosts
FNDA:0,priceQuote
FNDA:0,round
FNDA:0,getUrgencyMult
FNDA:0,getLatestPercent
DA:1,4
DA:7,4
DA:17,8
DA:25,2
DA:28,2
DA:29,2
DA:30,2
DA:33,2
DA:37,2
DA:38,2
DA:41,2
DA:44,2
DA:46,2
DA:55,1
DA:58,1
DA:72,1
DA:73,1
DA:81,1
DA:82,1
DA:83,1
DA:84,1
DA:86,1
DA:95,4
DA:98,1
DA:101,1
DA:102,1
DA:103,1
DA:107,1
DA:109,1
DA:164,4
DA:166,0
DA:167,0
DA:168,0
DA:170,0
DA:171,0
DA:172,0
DA:173,0
DA:175,0
DA:177,0
DA:178,0
DA:181,0
DA:182,0
DA:193,0
DA:194,0
DA:198,0
DA:200,0
DA:201,0
DA:214,0
DA:215,0
DA:216,0
DA:217,0
DA:220,0
DA:222,0
DA:226,0
DA:227,0
DA:228,0
DA:229,0
DA:230,0
DA:233,0
DA:238,0
DA:240,0
DA:250,0
DA:251,0
DA:255,0
DA:256,0
DA:260,0
DA:261,0
DA:262,0
DA:263,0
DA:268,0
DA:269,0
DA:270,0
DA:272,0
DA:273,0
DA:274,0
DA:276,0
DA:295,0
DA:302,0
DA:305,0
DA:306,0
DA:315,0
DA:318,0
LF:82
LH:30
BRDA:25,0,0,2
BRDA:25,0,1,0
BRDA:25,1,0,2
BRDA:25,1,1,0
BRDA:29,2,0,2
BRDA:29,2,1,0
BRDA:30,3,0,2
BRDA:30,3,1,0
BRDA:37,4,0,0
BRDA:37,4,1,2
BRDA:37,5,0,2
BRDA:37,5,1,0
BRDA:41,6,0,0
BRDA:41,6,1,2
BRDA:60,7,0,1
BRDA:60,7,1,0
BRDA:61,8,0,1
BRDA:61,8,1,0
BRDA:62,9,0,0
BRDA:62,9,1,1
BRDA:63,10,0,1
BRDA:63,10,1,0
BRDA:64,11,0,0
BRDA:64,11,1,1
BRDA:65,12,0,1
BRDA:65,12,1,0
BRDA:66,13,0,0
BRDA:66,13,1,1
BRDA:67,14,0,0
BRDA:67,14,1,1
BRDA:68,15,0,0
BRDA:68,15,1,1
BRDA:69,16,0,0
BRDA:69,16,1,1
BRDA:73,17,0,0
BRDA:73,17,1,1
BRDA:81,18,0,1
BRDA:81,18,1,0
BRDA:81,19,0,1
BRDA:81,19,1,0
BRDA:82,20,0,1
BRDA:82,20,1,0
BRDA:83,21,0,1
BRDA:83,21,1,0
BRDA:84,22,0,0
BRDA:84,22,1,1
BRDA:84,23,0,0
BRDA:84,23,1,1
BRDA:102,24,0,1
BRDA:121,25,0,1
BRDA:121,25,1,0
BRDA:181,26,0,0
BRDA:193,27,0,0
BRDA:193,27,1,0
BRDA:200,28,0,0
BRDA:200,28,1,0
BRDA:214,29,0,0
BRDA:215,30,0,0
BRDA:215,30,1,0
BRDA:216,31,0,0
BRDA:216,31,1,0
BRDA:220,32,0,0
BRDA:226,33,0,0
BRDA:228,34,0,0
BRDA:228,34,1,0
BRDA:229,35,0,0
BRDA:229,35,1,0
BRDA:255,36,0,0
BRDA:260,37,0,0
BRDA:261,38,0,0
BRDA:261,38,1,0
BRDA:262,39,0,0
BRDA:262,39,1,0
BRDA:263,40,0,0
BRDA:263,40,1,0
BRDA:305,41,0,0
BRDA:306,42,0,0
BRDA:306,42,1,0
BRDA:306,43,0,0
BRDA:306,43,1,0
BRDA:318,44,0,0
BRDA:318,44,1,0
BRDA:318,45,0,0
BRDA:318,45,1,0
BRF:84
BRH:26
end_of_record
TN:
SF:src\modules\quotes\quotes.controller.ts
FN:11,aiSuggestPrice
FN:76,list
FN:100,getById
FN:122,update
FN:152,updateStatus
FN:183,remove
FN:203,createQuote
FN:206,(anonymous_16)
FNF:8
FNH:4
FNDA:2,aiSuggestPrice
FNDA:0,list
FNDA:0,getById
FNDA:0,update
FNDA:1,updateStatus
FNDA:0,remove
FNDA:2,createQuote
FNDA:6,(anonymous_16)
DA:3,4
DA:4,4
DA:11,4
DA:12,2
DA:13,2
DA:16,2
DA:17,1
DA:25,1
DA:35,1
DA:50,0
DA:51,0
DA:57,4
DA:60,4
DA:76,4
DA:77,0
DA:78,0
DA:79,0
DA:90,0
DA:92,0
DA:100,4
DA:101,0
DA:102,0
DA:103,0
DA:106,0
DA:107,0
DA:108,0
DA:109,0
DA:111,0
DA:113,0
DA:122,4
DA:123,0
DA:124,0
DA:125,0
DA:128,0
DA:129,0
DA:130,0
DA:131,0
DA:135,0
DA:136,0
DA:139,0
DA:140,0
DA:141,0
DA:143,0
DA:152,4
DA:153,1
DA:154,1
DA:155,1
DA:158,0
DA:160,0
DA:161,0
DA:165,0
DA:167,0
DA:168,0
DA:171,0
DA:172,0
DA:173,0
DA:175,0
DA:183,4
DA:184,0
DA:185,0
DA:186,0
DA:189,0
DA:190,0
DA:191,0
DA:194,0
DA:203,4
DA:204,2
DA:205,2
DA:206,6
DA:207,2
DA:208,2
DA:212,0
DA:233,0
DA:234,0
DA:236,0
DA:237,0
LF:76
LH:25
BRDA:13,0,0,2
BRDA:13,0,1,0
BRDA:16,1,0,1
BRDA:16,2,0,2
BRDA:16,2,1,1
BRDA:16,2,2,1
BRDA:20,3,0,0
BRDA:20,3,1,1
BRDA:31,4,0,1
BRDA:31,4,1,0
BRDA:36,5,0,1
BRDA:36,5,1,0
BRDA:37,6,0,1
BRDA:37,6,1,0
BRDA:38,7,0,1
BRDA:38,7,1,0
BRDA:39,8,0,1
BRDA:39,8,1,0
BRDA:40,9,0,1
BRDA:40,9,1,0
BRDA:41,10,0,1
BRDA:41,10,1,0
BRDA:42,11,0,1
BRDA:42,11,1,0
BRDA:43,12,0,1
BRDA:43,12,1,0
BRDA:44,13,0,1
BRDA:44,13,1,0
BRDA:45,14,0,1
BRDA:45,14,1,0
BRDA:46,15,0,1
BRDA:46,15,1,0
BRDA:51,16,0,0
BRDA:51,16,1,0
BRDA:81,17,0,0
BRDA:81,17,1,0
BRDA:81,18,0,0
BRDA:81,18,1,0
BRDA:84,19,0,0
BRDA:84,19,1,0
BRDA:85,20,0,0
BRDA:85,20,1,0
BRDA:86,21,0,0
BRDA:86,21,1,0
BRDA:87,22,0,0
BRDA:87,22,1,0
BRDA:92,23,0,0
BRDA:92,23,1,0
BRDA:102,24,0,0
BRDA:108,25,0,0
BRDA:113,26,0,0
BRDA:113,26,1,0
BRDA:124,27,0,0
BRDA:131,28,0,0
BRDA:135,29,0,0
BRDA:135,30,0,0
BRDA:135,30,1,0
BRDA:143,31,0,0
BRDA:143,31,1,0
BRDA:154,32,0,1
BRDA:158,33,0,0
BRDA:158,33,1,0
BRDA:160,34,0,0
BRDA:165,35,0,0
BRDA:167,36,0,0
BRDA:175,37,0,0
BRDA:175,37,1,0
BRDA:185,38,0,0
BRDA:194,39,0,0
BRDA:194,39,1,0
BRDA:205,40,0,2
BRDA:205,40,1,0
BRDA:207,41,0,2
BRDA:216,42,0,0
BRDA:216,42,1,0
BRDA:217,43,0,0
BRDA:217,43,1,0
BRDA:218,44,0,0
BRDA:218,44,1,0
BRDA:220,45,0,0
BRDA:220,45,1,0
BRDA:221,46,0,0
BRDA:221,46,1,0
BRDA:222,47,0,0
BRDA:222,47,1,0
BRDA:223,48,0,0
BRDA:223,48,1,0
BRDA:224,49,0,0
BRDA:224,49,1,0
BRDA:225,50,0,0
BRDA:225,50,1,0
BRDA:226,51,0,0
BRDA:226,51,1,0
BRDA:227,52,0,0
BRDA:227,52,1,0
BRDA:228,53,0,0
BRDA:228,53,1,0
BRDA:229,54,0,0
BRDA:229,54,1,0
BRDA:234,55,0,0
BRDA:234,55,1,0
BRDA:237,56,0,0
BRDA:237,56,1,0
BRF:103
BRH:21
end_of_record
TN:
SF:src\modules\quotes\quotes.service.ts
FN:14,insertQuote
FN:108,createQuote
FN:264,toChannel
FN:273,getCustomerLite
FN:305,aiSuggestPriceService
FN:342,list
FN:374,getById
FN:425,(anonymous_7)
FN:438,update
FN:460,updateStatus
FN:475,remove
FNF:11
FNH:0
FNDA:0,insertQuote
FNDA:0,createQuote
FNDA:0,toChannel
FNDA:0,getCustomerLite
FNDA:0,aiSuggestPriceService
FNDA:0,list
FNDA:0,getById
FNDA:0,(anonymous_7)
FNDA:0,update
FNDA:0,updateStatus
FNDA:0,remove
DA:2,4
DA:3,4
DA:14,4
DA:15,0
DA:35,0
DA:54,0
DA:55,0
DA:108,4
DA:109,0
DA:110,0
DA:111,0
DA:113,0
DA:115,0
DA:116,0
DA:119,0
DA:123,0
DA:124,0
DA:127,0
DA:130,0
DA:152,0
DA:177,0
DA:178,0
DA:179,0
DA:181,0
DA:184,0
DA:185,0
DA:186,0
DA:193,0
DA:194,0
DA:208,0
DA:209,0
DA:210,0
DA:212,0
DA:217,0
DA:221,0
DA:222,0
DA:225,0
DA:226,0
DA:227,0
DA:229,0
DA:231,0
DA:232,0
DA:241,0
DA:242,0
DA:244,0
DA:251,4
DA:265,0
DA:266,0
DA:267,0
DA:274,0
DA:276,0
DA:305,4
DA:306,0
DA:308,0
DA:325,0
DA:342,4
DA:343,0
DA:344,0
DA:345,0
DA:347,0
DA:348,0
DA:349,0
DA:350,0
DA:352,0
DA:353,0
DA:355,0
DA:357,0
DA:366,0
DA:367,0
DA:374,4
DA:375,0
DA:382,0
DA:383,0
DA:384,0
DA:386,0
DA:421,0
DA:422,0
DA:425,0
DA:426,0
DA:427,0
DA:428,0
DA:430,0
DA:438,4
DA:439,0
DA:441,0
DA:442,0
DA:443,0
DA:445,0
DA:446,0
DA:447,0
DA:449,0
DA:451,0
DA:452,0
DA:453,0
DA:454,0
DA:460,4
DA:461,0
DA:465,0
DA:466,0
DA:468,0
DA:475,4
DA:476,0
DA:477,0
LF:103
LH:11
BRDA:42,0,0,0
BRDA:42,0,1,0
BRDA:43,1,0,0
BRDA:43,1,1,0
BRDA:44,2,0,0
BRDA:44,2,1,0
BRDA:45,3,0,0
BRDA:45,3,1,0
BRDA:46,4,0,0
BRDA:46,4,1,0
BRDA:47,5,0,0
BRDA:47,5,1,0
BRDA:48,6,0,0
BRDA:48,6,1,0
BRDA:49,7,0,0
BRDA:49,7,1,0
BRDA:50,8,0,0
BRDA:50,8,1,0
BRDA:51,9,0,0
BRDA:51,9,1,0
BRDA:123,10,0,0
BRDA:157,11,0,0
BRDA:157,11,1,0
BRDA:158,12,0,0
BRDA:158,12,1,0
BRDA:159,13,0,0
BRDA:159,13,1,0
BRDA:160,14,0,0
BRDA:160,14,1,0
BRDA:161,15,0,0
BRDA:161,15,1,0
BRDA:162,16,0,0
BRDA:162,16,1,0
BRDA:163,17,0,0
BRDA:163,17,1,0
BRDA:164,18,0,0
BRDA:164,18,1,0
BRDA:165,19,0,0
BRDA:165,19,1,0
BRDA:166,20,0,0
BRDA:166,20,1,0
BRDA:167,21,0,0
BRDA:167,21,1,0
BRDA:168,22,0,0
BRDA:168,22,1,0
BRDA:169,23,0,0
BRDA:169,23,1,0
BRDA:170,24,0,0
BRDA:170,24,1,0
BRDA:171,25,0,0
BRDA:171,25,1,0
BRDA:172,26,0,0
BRDA:172,26,1,0
BRDA:173,27,0,0
BRDA:173,27,1,0
BRDA:174,28,0,0
BRDA:174,28,1,0
BRDA:178,29,0,0
BRDA:185,30,0,0
BRDA:185,31,0,0
BRDA:185,31,1,0
BRDA:196,32,0,0
BRDA:196,32,1,0
BRDA:197,33,0,0
BRDA:197,33,1,0
BRDA:198,34,0,0
BRDA:198,34,1,0
BRDA:199,35,0,0
BRDA:199,35,1,0
BRDA:200,36,0,0
BRDA:200,36,1,0
BRDA:201,37,0,0
BRDA:201,37,1,0
BRDA:202,38,0,0
BRDA:202,38,1,0
BRDA:203,39,0,0
BRDA:203,39,1,0
BRDA:204,40,0,0
BRDA:204,40,1,0
BRDA:205,41,0,0
BRDA:205,41,1,0
BRDA:206,42,0,0
BRDA:206,42,1,0
BRDA:209,43,0,0
BRDA:221,44,0,0
BRDA:231,45,0,0
BRDA:241,46,0,0
BRDA:241,46,1,0
BRDA:265,47,0,0
BRDA:267,48,0,0
BRDA:267,48,1,0
BRDA:274,49,0,0
BRDA:309,50,0,0
BRDA:309,50,1,0
BRDA:312,51,0,0
BRDA:312,51,1,0
BRDA:313,52,0,0
BRDA:313,52,1,0
BRDA:314,53,0,0
BRDA:314,53,1,0
BRDA:322,54,0,0
BRDA:322,54,1,0
BRDA:347,55,0,0
BRDA:348,56,0,0
BRDA:352,57,0,0
BRDA:353,58,0,0
BRDA:355,59,0,0
BRDA:355,59,1,0
BRDA:361,60,0,0
BRDA:361,60,1,0
BRDA:367,61,0,0
BRDA:367,61,1,0
BRDA:384,62,0,0
BRDA:422,63,0,0
BRDA:422,63,1,0
BRDA:425,64,0,0
BRDA:425,64,1,0
BRDA:439,65,0,0
BRDA:453,66,0,0
BRDA:453,66,1,0
BRDA:465,67,0,0
BRDA:465,68,0,0
BRDA:465,68,1,0
BRDA:465,68,2,0
BRDA:465,69,0,0
BRDA:465,69,1,0
BRF:126
BRH:0
end_of_record
TN:
SF:src\services\model.runtime.ts
FN:51,modelDir
FN:54,onnxPath
FN:60,simIndexPath
FN:66,bucketStatsPath
FN:75,(anonymous_14)
FN:77,(anonymous_15)
FN:78,(anonymous_16)
FN:79,(anonymous_17)
FN:96,createSession
FN:112,ensureModelLoaded
FN:130,ensureSimilarIndexLoaded
FN:160,ensureBucketStatsLoaded
FN:194,bucketKey
FN:199,bucketResidual
FN:208,knnResidual
FN:219,(anonymous_25)
FN:225,(anonymous_26)
FN:242,onnxResidual
FN:245,(anonymous_28)
FN:247,(anonymous_29)
FN:280,predictResidual
FN:294,(anonymous_31)
FN:295,(anonymous_32)
FN:306,buildFeatures
FN:334,(anonymous_34)
FN:343,predictBase
FN:378,resetModelCaches
FN:386,modelHealth
FNF:28
FNH:10
FNDA:0,modelDir
FNDA:1,onnxPath
FNDA:0,simIndexPath
FNDA:0,bucketStatsPath
FNDA:4,(anonymous_14)
FNDA:12,(anonymous_15)
FNDA:12,(anonymous_16)
FNDA:12,(anonymous_17)
FNDA:1,createSession
FNDA:1,ensureModelLoaded
FNDA:0,ensureSimilarIndexLoaded
FNDA:0,ensureBucketStatsLoaded
FNDA:0,bucketKey
FNDA:0,bucketResidual
FNDA:0,knnResidual
FNDA:0,(anonymous_25)
FNDA:0,(anonymous_26)
FNDA:0,onnxResidual
FNDA:0,(anonymous_28)
FNDA:0,(anonymous_29)
FNDA:0,predictResidual
FNDA:0,(anonymous_31)
FNDA:0,(anonymous_32)
FNDA:1,buildFeatures
FNDA:11,(anonymous_34)
FNDA:1,predictBase
FNDA:0,resetModelCaches
FNDA:0,modelHealth
DA:2,4
DA:3,4
DA:4,4
DA:52,0
DA:55,1
DA:61,0
DA:67,0
DA:75,4
DA:76,4
DA:77,12
DA:78,12
DA:79,12
DA:80,4
DA:88,4
DA:89,4
DA:90,4
DA:97,1
DA:98,1
DA:102,1
DA:103,1
DA:107,0
DA:112,4
DA:113,1
DA:114,1
DA:115,1
DA:116,0
DA:117,0
DA:119,1
DA:120,1
DA:121,1
DA:122,1
DA:124,0
DA:125,0
DA:126,0
DA:131,0
DA:132,0
DA:133,0
DA:134,0
DA:135,0
DA:137,0
DA:138,0
DA:139,0
DA:144,0
DA:146,0
DA:147,0
DA:152,0
DA:154,0
DA:155,0
DA:156,0
DA:161,0
DA:162,0
DA:163,0
DA:164,0
DA:165,0
DA:167,0
DA:168,0
DA:169,0
DA:174,0
DA:176,0
DA:177,0
DA:182,0
DA:184,0
DA:185,0
DA:186,0
DA:195,0
DA:200,0
DA:201,0
DA:202,0
DA:203,0
DA:204,0
DA:209,0
DA:210,0
DA:211,0
DA:212,0
DA:214,0
DA:215,0
DA:216,0
DA:218,0
DA:220,0
DA:221,0
DA:222,0
DA:223,0
DA:225,0
DA:229,0
DA:230,0
DA:231,0
DA:232,0
DA:233,0
DA:234,0
DA:236,0
DA:237,0
DA:238,0
DA:243,0
DA:245,0
DA:246,0
DA:247,0
DA:248,0
DA:250,0
DA:262,0
DA:263,0
DA:265,0
DA:266,0
DA:267,0
DA:269,0
DA:270,0
DA:271,0
DA:273,0
DA:274,0
DA:280,4
DA:283,0
DA:284,0
DA:285,0
DA:287,0
DA:288,0
DA:289,0
DA:290,0
DA:292,0
DA:294,0
DA:295,0
DA:296,0
DA:306,4
DA:319,1
DA:334,11
DA:335,1
DA:343,4
DA:346,1
DA:348,1
DA:349,1
DA:351,1
DA:353,0
DA:354,0
DA:359,0
DA:361,0
DA:362,0
DA:363,0
DA:366,0
DA:367,0
DA:369,0
DA:370,0
DA:378,4
DA:379,0
DA:380,0
DA:381,0
DA:382,0
DA:386,4
DA:387,0
LF:146
LH:37
BRDA:52,0,0,0
BRDA:52,0,1,0
BRDA:56,1,0,1
BRDA:56,1,1,0
BRDA:62,2,0,0
BRDA:62,2,1,0
BRDA:68,3,0,0
BRDA:68,3,1,0
BRDA:76,4,0,4
BRDA:76,4,1,0
BRDA:78,5,0,12
BRDA:78,5,1,0
BRDA:78,6,0,12
BRDA:78,6,1,12
BRDA:79,7,0,4
BRDA:79,7,1,0
BRDA:113,8,0,0
BRDA:115,9,0,0
BRDA:131,10,0,0
BRDA:133,11,0,0
BRDA:139,12,0,0
BRDA:140,13,0,0
BRDA:140,13,1,0
BRDA:140,13,2,0
BRDA:161,14,0,0
BRDA:163,15,0,0
BRDA:169,16,0,0
BRDA:170,17,0,0
BRDA:170,17,1,0
BRDA:170,17,2,0
BRDA:200,18,0,0
BRDA:200,19,0,0
BRDA:200,19,1,0
BRDA:203,20,0,0
BRDA:203,21,0,0
BRDA:203,21,1,0
BRDA:204,22,0,0
BRDA:204,22,1,0
BRDA:209,23,0,0
BRDA:209,24,0,0
BRDA:209,24,1,0
BRDA:212,25,0,0
BRDA:212,26,0,0
BRDA:212,26,1,0
BRDA:214,27,0,0
BRDA:214,27,1,0
BRDA:215,28,0,0
BRDA:215,28,1,0
BRDA:216,29,0,0
BRDA:216,29,1,0
BRDA:232,30,0,0
BRDA:232,30,1,0
BRDA:236,31,0,0
BRDA:238,32,0,0
BRDA:238,32,1,0
BRDA:243,33,0,0
BRDA:243,34,0,0
BRDA:243,34,1,0
BRDA:246,35,0,0
BRDA:246,35,1,0
BRDA:248,36,0,0
BRDA:248,36,1,0
BRDA:255,37,0,0
BRDA:255,37,1,0
BRDA:265,38,0,0
BRDA:265,38,1,0
BRDA:265,38,2,0
BRDA:267,39,0,0
BRDA:269,40,0,0
BRDA:269,40,1,0
BRDA:270,41,0,0
BRDA:288,42,0,0
BRDA:289,43,0,0
BRDA:290,44,0,0
BRDA:292,45,0,0
BRDA:294,46,0,0
BRDA:294,46,1,0
BRDA:334,47,0,11
BRDA:334,47,1,0
BRDA:346,48,0,0
BRDA:346,49,0,1
BRDA:346,49,1,1
BRDA:349,50,0,1
BRDA:349,50,1,0
BRDA:351,51,0,1
BRDA:361,52,0,0
BRDA:361,52,1,0
BRDA:361,52,2,0
BRDA:363,53,0,0
BRDA:366,54,0,0
BRDA:366,54,1,0
BRDA:367,55,0,0
BRDA:367,55,1,0
BRDA:396,56,0,0
BRDA:396,56,1,0
BRDA:398,57,0,0
BRDA:398,57,1,0
BRF:97
BRH:11
end_of_record
TN:
SF:src\services\notes.summarize.ts
FN:5,summarizeNotes
FNF:1
FNH:0
FNDA:0,summarizeNotes
DA:1,4
DA:3,4
DA:5,4
DA:6,0
DA:14,0
DA:23,0
DA:24,0
DA:27,4
LF:8
LH:4
BRDA:5,0,0,0
BRDA:23,1,0,0
BRDA:23,1,1,0
BRF:3
BRH:0
end_of_record
TN:
SF:tests\db.mock.ts
FN:53,(anonymous_0)
FN:54,(anonymous_1)
FN:56,rid
FN:66,touches
FN:81,pickIdParam
FN:90,(anonymous_5)
FN:98,rowArray
FN:121,(anonymous_7)
FN:178,(anonymous_8)
FN:249,(anonymous_9)
FN:267,(anonymous_10)
FNF:11
FNH:2
FNDA:0,(anonymous_0)
FNDA:4,(anonymous_1)
FNDA:4,rid
FNDA:0,touches
FNDA:0,pickIdParam
FNDA:0,(anonymous_5)
FNDA:0,rowArray
FNDA:0,(anonymous_7)
FNDA:0,(anonymous_8)
FNDA:0,(anonymous_9)
FNDA:0,(anonymous_10)
DA:46,4
DA:51,4
DA:53,4
DA:54,4
DA:57,4
DA:60,4
DA:62,0
DA:67,0
DA:69,0
DA:83,0
DA:84,0
DA:85,0
DA:86,0
DA:89,0
DA:90,0
DA:92,0
DA:95,0
DA:98,0
DA:101,4
DA:102,4
DA:119,4
DA:122,0
DA:125,0
DA:127,0
DA:129,0
DA:130,0
DA:131,0
DA:132,0
DA:134,0
DA:138,0
DA:142,0
DA:148,0
DA:150,0
DA:151,0
DA:152,0
DA:153,0
DA:154,0
DA:155,0
DA:156,0
DA:159,0
DA:160,0
DA:161,0
DA:162,0
DA:165,0
DA:166,0
DA:170,0
DA:171,0
DA:172,0
DA:173,0
DA:174,0
DA:177,0
DA:178,0
DA:181,0
DA:186,0
DA:187,0
DA:191,0
DA:192,0
DA:193,0
DA:194,0
DA:199,0
DA:201,0
DA:202,0
DA:203,0
DA:204,0
DA:205,0
DA:207,0
DA:211,0
DA:213,0
DA:236,0
DA:237,0
DA:241,0
DA:242,0
DA:243,0
DA:244,0
DA:245,0
DA:248,0
DA:249,0
DA:252,0
DA:256,0
DA:257,0
DA:262,0
DA:267,4
DA:269,4
LF:83
LH:11
BRDA:60,0,0,4
BRDA:60,0,1,0
BRDA:70,1,0,0
BRDA:70,1,1,0
BRDA:70,1,2,0
BRDA:70,1,3,0
BRDA:70,1,4,0
BRDA:70,1,5,0
BRDA:70,1,6,0
BRDA:70,1,7,0
BRDA:83,2,0,0
BRDA:85,3,0,0
BRDA:85,4,0,0
BRDA:85,4,1,0
BRDA:86,5,0,0
BRDA:86,6,0,0
BRDA:86,6,1,0
BRDA:90,7,0,0
BRDA:90,7,1,0
BRDA:92,8,0,0
BRDA:95,9,0,0
BRDA:95,9,1,0
BRDA:121,10,0,0
BRDA:122,11,0,0
BRDA:122,11,1,0
BRDA:125,12,0,0
BRDA:127,13,0,0
BRDA:130,14,0,0
BRDA:130,15,0,0
BRDA:130,15,1,0
BRDA:132,16,0,0
BRDA:132,16,1,0
BRDA:138,17,0,0
BRDA:148,18,0,0
BRDA:148,18,1,0
BRDA:150,19,0,0
BRDA:150,19,1,0
BRDA:151,20,0,0
BRDA:151,20,1,0
BRDA:153,21,0,0
BRDA:153,21,1,0
BRDA:154,22,0,0
BRDA:154,22,1,0
BRDA:155,23,0,0
BRDA:155,23,1,0
BRDA:159,24,0,0
BRDA:159,24,1,0
BRDA:160,25,0,0
BRDA:160,25,1,0
BRDA:161,26,0,0
BRDA:161,26,1,0
BRDA:162,27,0,0
BRDA:162,27,1,0
BRDA:170,28,0,0
BRDA:172,29,0,0
BRDA:174,30,0,0
BRDA:178,31,0,0
BRDA:178,31,1,0
BRDA:178,31,2,0
BRDA:183,32,0,0
BRDA:183,32,1,0
BRDA:183,32,2,0
BRDA:183,32,3,0
BRDA:184,33,0,0
BRDA:184,33,1,0
BRDA:184,33,2,0
BRDA:184,33,3,0
BRDA:191,34,0,0
BRDA:194,35,0,0
BRDA:194,35,1,0
BRDA:199,36,0,0
BRDA:201,37,0,0
BRDA:203,38,0,0
BRDA:203,39,0,0
BRDA:203,39,1,0
BRDA:205,40,0,0
BRDA:205,40,1,0
BRDA:211,41,0,0
BRDA:216,42,0,0
BRDA:216,42,1,0
BRDA:217,43,0,0
BRDA:217,43,1,0
BRDA:218,44,0,0
BRDA:218,44,1,0
BRDA:219,45,0,0
BRDA:219,45,1,0
BRDA:220,46,0,0
BRDA:220,46,1,0
BRDA:221,47,0,0
BRDA:221,47,1,0
BRDA:222,48,0,0
BRDA:222,48,1,0
BRDA:223,49,0,0
BRDA:223,49,1,0
BRDA:224,50,0,0
BRDA:224,50,1,0
BRDA:225,51,0,0
BRDA:225,51,1,0
BRDA:226,52,0,0
BRDA:226,52,1,0
BRDA:227,53,0,0
BRDA:227,53,1,0
BRDA:241,54,0,0
BRDA:243,55,0,0
BRDA:245,56,0,0
BRDA:249,57,0,0
BRDA:249,57,1,0
BRDA:254,58,0,0
BRDA:254,58,1,0
BRF:109
BRH:1
end_of_record
